---------------------------------------------------------------
[ 2019-03-21T11:05:32+08:00 ] 127.0.0.1 GET www.test.com/public/index/login/login.html
[运行时间：0.234014s] [吞吐率：4.27req/s] [内存消耗：2,186.43kb] [文件加载：48]
[ info ] [ LANG ] D:\xampp\htdocs\thinkphp_5.0.24\thinkphp\lang\zh-cn.php
[ info ] [ ROUTE ] array (
  'type' => 'module',
  'module' => 
  array (
    0 => 'index',
    1 => 'login',
    2 => 'login',
  ),
)
[ info ] [ HEADER ] array (
  'host' => 'www.test.com',
  'connection' => 'keep-alive',
  'cache-control' => 'max-age=0',
  'upgrade-insecure-requests' => '1',
  'user-agent' => 'Mozilla/5.0 (Windows NT 6.1; WOW64) AppleWebKit/537.36 (KHTML, like Gecko) Chrome/65.0.3325.181 Safari/537.36',
  'accept' => 'text/html,application/xhtml+xml,application/xml;q=0.9,image/webp,image/apng,*/*;q=0.8',
  'referer' => 'http://www.test.com/public/index/index.html',
  'accept-encoding' => 'gzip, deflate',
  'accept-language' => 'zh-CN,zh;q=0.9',
  'cookie' => 'thinkphp_show_page_trace=0|0; thinkphp_show_page_trace=0|0; pgv_pvi=1388498944; Hm_lvt_080836300300be57b7f34f4b3e97d911=1552955272; PHPSESSID=7qjt6uivv0ta5i88gggm31c1v5; thinkphp_show_page_trace=0|0',
)
[ info ] [ PARAM ] array (
)
[ info ] [ RUN ] app\index\controller\Login->login[ D:\xampp\htdocs\thinkphp_5.0.24\application\index\controller\Login.php ]
[ info ] [ VIEW ] D:\xampp\htdocs\thinkphp_5.0.24\public/../application/index\view\login\login.html [ array (
) ]
[ info ] [ LOG ] INIT File
---------------------------------------------------------------
[ 2019-03-21T11:05:32+08:00 ] 127.0.0.1 GET www.test.com/public/captcha.html
[运行时间：0.223012s] [吞吐率：4.48req/s] [内存消耗：1,654.24kb] [文件加载：36]
[ info ] [ LANG ] D:\xampp\htdocs\thinkphp_5.0.24\thinkphp\lang\zh-cn.php
[ info ] [ ROUTE ] array (
  'type' => 'method',
  'method' => 
  array (
    0 => '\\think\\captcha\\CaptchaController',
    1 => 'index',
  ),
  'var' => 
  array (
  ),
)
[ info ] [ HEADER ] array (
  'host' => 'www.test.com',
  'connection' => 'keep-alive',
  'user-agent' => 'Mozilla/5.0 (Windows NT 6.1; WOW64) AppleWebKit/537.36 (KHTML, like Gecko) Chrome/65.0.3325.181 Safari/537.36',
  'accept' => 'image/webp,image/apng,image/*,*/*;q=0.8',
  'referer' => 'http://www.test.com/public/index/login/login.html',
  'accept-encoding' => 'gzip, deflate',
  'accept-language' => 'zh-CN,zh;q=0.9',
  'cookie' => 'pgv_pvi=1388498944; Hm_lvt_080836300300be57b7f34f4b3e97d911=1552955272; PHPSESSID=7qjt6uivv0ta5i88gggm31c1v5; thinkphp_show_page_trace=0|0',
)
[ info ] [ PARAM ] array (
  'id' => '',
)
[ info ] [ RUN ] think\captcha\CaptchaController->index[ D:\xampp\htdocs\thinkphp_5.0.24\vendor\topthink\think-captcha\src\CaptchaController.php ]
[ info ] [ SESSION ] INIT array (
  'id' => '',
  'var_session_id' => '',
  'prefix' => 'think',
  'type' => '',
  'auto_start' => true,
)
[ info ] [ LOG ] INIT File
---------------------------------------------------------------
[ 2019-03-21T11:11:28+08:00 ] 127.0.0.1 GET www.test.com/public/index/login/login.html
[运行时间：0.265015s] [吞吐率：3.77req/s] [内存消耗：2,021.38kb] [文件加载：46]
[ info ] [ LANG ] D:\xampp\htdocs\thinkphp_5.0.24\thinkphp\lang\zh-cn.php
[ info ] [ ROUTE ] array (
  'type' => 'module',
  'module' => 
  array (
    0 => 'index',
    1 => 'login',
    2 => 'login',
  ),
)
[ info ] [ HEADER ] array (
  'host' => 'www.test.com',
  'connection' => 'keep-alive',
  'cache-control' => 'max-age=0',
  'upgrade-insecure-requests' => '1',
  'user-agent' => 'Mozilla/5.0 (Windows NT 6.1; WOW64) AppleWebKit/537.36 (KHTML, like Gecko) Chrome/65.0.3325.181 Safari/537.36',
  'accept' => 'text/html,application/xhtml+xml,application/xml;q=0.9,image/webp,image/apng,*/*;q=0.8',
  'referer' => 'http://www.test.com/public/index/index.html',
  'accept-encoding' => 'gzip, deflate',
  'accept-language' => 'zh-CN,zh;q=0.9',
  'cookie' => 'thinkphp_show_page_trace=0|0; thinkphp_show_page_trace=0|0; pgv_pvi=1388498944; Hm_lvt_080836300300be57b7f34f4b3e97d911=1552955272; PHPSESSID=7qjt6uivv0ta5i88gggm31c1v5; thinkphp_show_page_trace=0|0',
)
[ info ] [ PARAM ] array (
)
[ info ] [ RUN ] app\index\controller\Login->login[ D:\xampp\htdocs\thinkphp_5.0.24\application\index\controller\Login.php ]
[ info ] [ VIEW ] D:\xampp\htdocs\thinkphp_5.0.24\public/../application/index\view\login\login.html [ array (
) ]
[ info ] [ LOG ] INIT File
---------------------------------------------------------------
[ 2019-03-21T11:11:28+08:00 ] 127.0.0.1 GET www.test.com/public/captcha.html
[运行时间：0.231013s] [吞吐率：4.33req/s] [内存消耗：1,654.24kb] [文件加载：36]
[ info ] [ LANG ] D:\xampp\htdocs\thinkphp_5.0.24\thinkphp\lang\zh-cn.php
[ info ] [ ROUTE ] array (
  'type' => 'method',
  'method' => 
  array (
    0 => '\\think\\captcha\\CaptchaController',
    1 => 'index',
  ),
  'var' => 
  array (
  ),
)
[ info ] [ HEADER ] array (
  'host' => 'www.test.com',
  'connection' => 'keep-alive',
  'user-agent' => 'Mozilla/5.0 (Windows NT 6.1; WOW64) AppleWebKit/537.36 (KHTML, like Gecko) Chrome/65.0.3325.181 Safari/537.36',
  'accept' => 'image/webp,image/apng,image/*,*/*;q=0.8',
  'referer' => 'http://www.test.com/public/index/login/login.html',
  'accept-encoding' => 'gzip, deflate',
  'accept-language' => 'zh-CN,zh;q=0.9',
  'cookie' => 'pgv_pvi=1388498944; Hm_lvt_080836300300be57b7f34f4b3e97d911=1552955272; PHPSESSID=7qjt6uivv0ta5i88gggm31c1v5; thinkphp_show_page_trace=0|0',
)
[ info ] [ PARAM ] array (
  'id' => '',
)
[ info ] [ RUN ] think\captcha\CaptchaController->index[ D:\xampp\htdocs\thinkphp_5.0.24\vendor\topthink\think-captcha\src\CaptchaController.php ]
[ info ] [ SESSION ] INIT array (
  'id' => '',
  'var_session_id' => '',
  'prefix' => 'think',
  'type' => '',
  'auto_start' => true,
)
[ info ] [ LOG ] INIT File
---------------------------------------------------------------
[ 2019-03-21T11:11:32+08:00 ] 127.0.0.1 GET www.test.com/public/captcha.html?0.1407056129825397
[运行时间：0.256014s] [吞吐率：3.91req/s] [内存消耗：1,654.30kb] [文件加载：36]
[ info ] [ LANG ] D:\xampp\htdocs\thinkphp_5.0.24\thinkphp\lang\zh-cn.php
[ info ] [ ROUTE ] array (
  'type' => 'method',
  'method' => 
  array (
    0 => '\\think\\captcha\\CaptchaController',
    1 => 'index',
  ),
  'var' => 
  array (
  ),
)
[ info ] [ HEADER ] array (
  'host' => 'www.test.com',
  'connection' => 'keep-alive',
  'user-agent' => 'Mozilla/5.0 (Windows NT 6.1; WOW64) AppleWebKit/537.36 (KHTML, like Gecko) Chrome/65.0.3325.181 Safari/537.36',
  'accept' => 'image/webp,image/apng,image/*,*/*;q=0.8',
  'referer' => 'http://www.test.com/public/index/login/login.html',
  'accept-encoding' => 'gzip, deflate',
  'accept-language' => 'zh-CN,zh;q=0.9',
  'cookie' => 'pgv_pvi=1388498944; Hm_lvt_080836300300be57b7f34f4b3e97d911=1552955272; PHPSESSID=7qjt6uivv0ta5i88gggm31c1v5; thinkphp_show_page_trace=0|0',
)
[ info ] [ PARAM ] array (
  '0_1407056129825397' => '',
  'id' => '',
)
[ info ] [ RUN ] think\captcha\CaptchaController->index[ D:\xampp\htdocs\thinkphp_5.0.24\vendor\topthink\think-captcha\src\CaptchaController.php ]
[ info ] [ SESSION ] INIT array (
  'id' => '',
  'var_session_id' => '',
  'prefix' => 'think',
  'type' => '',
  'auto_start' => true,
)
[ info ] [ LOG ] INIT File
---------------------------------------------------------------
[ 2019-03-21T11:11:34+08:00 ] 127.0.0.1 GET www.test.com/public/captcha.html?0.9368119563891928
[运行时间：0.245014s] [吞吐率：4.08req/s] [内存消耗：1,654.30kb] [文件加载：36]
[ info ] [ LANG ] D:\xampp\htdocs\thinkphp_5.0.24\thinkphp\lang\zh-cn.php
[ info ] [ ROUTE ] array (
  'type' => 'method',
  'method' => 
  array (
    0 => '\\think\\captcha\\CaptchaController',
    1 => 'index',
  ),
  'var' => 
  array (
  ),
)
[ info ] [ HEADER ] array (
  'host' => 'www.test.com',
  'connection' => 'keep-alive',
  'user-agent' => 'Mozilla/5.0 (Windows NT 6.1; WOW64) AppleWebKit/537.36 (KHTML, like Gecko) Chrome/65.0.3325.181 Safari/537.36',
  'accept' => 'image/webp,image/apng,image/*,*/*;q=0.8',
  'referer' => 'http://www.test.com/public/index/login/login.html',
  'accept-encoding' => 'gzip, deflate',
  'accept-language' => 'zh-CN,zh;q=0.9',
  'cookie' => 'pgv_pvi=1388498944; Hm_lvt_080836300300be57b7f34f4b3e97d911=1552955272; PHPSESSID=7qjt6uivv0ta5i88gggm31c1v5; thinkphp_show_page_trace=0|0',
)
[ info ] [ PARAM ] array (
  '0_9368119563891928' => '',
  'id' => '',
)
[ info ] [ RUN ] think\captcha\CaptchaController->index[ D:\xampp\htdocs\thinkphp_5.0.24\vendor\topthink\think-captcha\src\CaptchaController.php ]
[ info ] [ SESSION ] INIT array (
  'id' => '',
  'var_session_id' => '',
  'prefix' => 'think',
  'type' => '',
  'auto_start' => true,
)
[ info ] [ LOG ] INIT File
---------------------------------------------------------------
[ 2019-03-21T11:11:39+08:00 ] 127.0.0.1 POST www.test.com/public/index/login/login.html
[运行时间：0.283016s] [吞吐率：3.53req/s] [内存消耗：2,176.93kb] [文件加载：49]
[ info ] [ LANG ] D:\xampp\htdocs\thinkphp_5.0.24\thinkphp\lang\zh-cn.php
[ info ] [ ROUTE ] array (
  'type' => 'module',
  'module' => 
  array (
    0 => 'index',
    1 => 'login',
    2 => 'login',
  ),
)
[ info ] [ HEADER ] array (
  'host' => 'www.test.com',
  'connection' => 'keep-alive',
  'content-length' => '36',
  'cache-control' => 'max-age=0',
  'origin' => 'http://www.test.com',
  'upgrade-insecure-requests' => '1',
  'content-type' => 'application/x-www-form-urlencoded',
  'user-agent' => 'Mozilla/5.0 (Windows NT 6.1; WOW64) AppleWebKit/537.36 (KHTML, like Gecko) Chrome/65.0.3325.181 Safari/537.36',
  'accept' => 'text/html,application/xhtml+xml,application/xml;q=0.9,image/webp,image/apng,*/*;q=0.8',
  'referer' => 'http://www.test.com/public/index/login/login.html',
  'accept-encoding' => 'gzip, deflate',
  'accept-language' => 'zh-CN,zh;q=0.9',
  'cookie' => 'thinkphp_show_page_trace=0|0; thinkphp_show_page_trace=0|0; pgv_pvi=1388498944; Hm_lvt_080836300300be57b7f34f4b3e97d911=1552955272; PHPSESSID=7qjt6uivv0ta5i88gggm31c1v5; thinkphp_show_page_trace=0|0',
)
[ info ] [ PARAM ] array (
  'username' => '123',
  'password' => '123',
  'code' => 'veuhf',
)
[ info ] [ RUN ] app\index\controller\Login->login[ D:\xampp\htdocs\thinkphp_5.0.24\application\index\controller\Login.php ]
[ info ] [ SESSION ] INIT array (
  'id' => '',
  'var_session_id' => '',
  'prefix' => 'think',
  'type' => '',
  'auto_start' => true,
)
[ info ] [ VIEW ] D:\xampp\htdocs\thinkphp_5.0.24\thinkphp\tpl\dispatch_jump.tpl [ array (
  0 => 'code',
  1 => 'msg',
  2 => 'data',
  3 => 'url',
  4 => 'wait',
) ]
[ info ] [ LOG ] INIT File
---------------------------------------------------------------
[ 2019-03-21T11:11:43+08:00 ] 127.0.0.1 GET www.test.com/public/index/login/login.html
[运行时间：0.265015s] [吞吐率：3.77req/s] [内存消耗：2,020.94kb] [文件加载：46]
[ info ] [ LANG ] D:\xampp\htdocs\thinkphp_5.0.24\thinkphp\lang\zh-cn.php
[ info ] [ ROUTE ] array (
  'type' => 'module',
  'module' => 
  array (
    0 => 'index',
    1 => 'login',
    2 => 'login',
  ),
)
[ info ] [ HEADER ] array (
  'host' => 'www.test.com',
  'connection' => 'keep-alive',
  'upgrade-insecure-requests' => '1',
  'user-agent' => 'Mozilla/5.0 (Windows NT 6.1; WOW64) AppleWebKit/537.36 (KHTML, like Gecko) Chrome/65.0.3325.181 Safari/537.36',
  'accept' => 'text/html,application/xhtml+xml,application/xml;q=0.9,image/webp,image/apng,*/*;q=0.8',
  'referer' => 'http://www.test.com/public/index/index.html',
  'accept-encoding' => 'gzip, deflate',
  'accept-language' => 'zh-CN,zh;q=0.9',
  'cookie' => 'thinkphp_show_page_trace=0|0; thinkphp_show_page_trace=0|0; pgv_pvi=1388498944; Hm_lvt_080836300300be57b7f34f4b3e97d911=1552955272; PHPSESSID=7qjt6uivv0ta5i88gggm31c1v5; thinkphp_show_page_trace=0|0',
)
[ info ] [ PARAM ] array (
)
[ info ] [ RUN ] app\index\controller\Login->login[ D:\xampp\htdocs\thinkphp_5.0.24\application\index\controller\Login.php ]
[ info ] [ VIEW ] D:\xampp\htdocs\thinkphp_5.0.24\public/../application/index\view\login\login.html [ array (
) ]
[ info ] [ LOG ] INIT File
---------------------------------------------------------------
[ 2019-03-21T11:11:43+08:00 ] 127.0.0.1 GET www.test.com/public/captcha.html
[运行时间：0.247015s] [吞吐率：4.05req/s] [内存消耗：1,654.24kb] [文件加载：36]
[ info ] [ LANG ] D:\xampp\htdocs\thinkphp_5.0.24\thinkphp\lang\zh-cn.php
[ info ] [ ROUTE ] array (
  'type' => 'method',
  'method' => 
  array (
    0 => '\\think\\captcha\\CaptchaController',
    1 => 'index',
  ),
  'var' => 
  array (
  ),
)
[ info ] [ HEADER ] array (
  'host' => 'www.test.com',
  'connection' => 'keep-alive',
  'user-agent' => 'Mozilla/5.0 (Windows NT 6.1; WOW64) AppleWebKit/537.36 (KHTML, like Gecko) Chrome/65.0.3325.181 Safari/537.36',
  'accept' => 'image/webp,image/apng,image/*,*/*;q=0.8',
  'referer' => 'http://www.test.com/public/index/login/login.html',
  'accept-encoding' => 'gzip, deflate',
  'accept-language' => 'zh-CN,zh;q=0.9',
  'cookie' => 'pgv_pvi=1388498944; Hm_lvt_080836300300be57b7f34f4b3e97d911=1552955272; PHPSESSID=7qjt6uivv0ta5i88gggm31c1v5; thinkphp_show_page_trace=0|0',
)
[ info ] [ PARAM ] array (
  'id' => '',
)
[ info ] [ RUN ] think\captcha\CaptchaController->index[ D:\xampp\htdocs\thinkphp_5.0.24\vendor\topthink\think-captcha\src\CaptchaController.php ]
[ info ] [ SESSION ] INIT array (
  'id' => '',
  'var_session_id' => '',
  'prefix' => 'think',
  'type' => '',
  'auto_start' => true,
)
[ info ] [ LOG ] INIT File
---------------------------------------------------------------
[ 2019-03-21T11:11:55+08:00 ] 127.0.0.1 POST www.test.com/public/index/login/login.html
[运行时间：0.276016s] [吞吐率：3.62req/s] [内存消耗：2,023.28kb] [文件加载：47]
[ info ] [ LANG ] D:\xampp\htdocs\thinkphp_5.0.24\thinkphp\lang\zh-cn.php
[ info ] [ ROUTE ] array (
  'type' => 'module',
  'module' => 
  array (
    0 => 'index',
    1 => 'login',
    2 => 'login',
  ),
)
[ info ] [ HEADER ] array (
  'host' => 'www.test.com',
  'connection' => 'keep-alive',
  'content-length' => '36',
  'cache-control' => 'max-age=0',
  'origin' => 'http://www.test.com',
  'upgrade-insecure-requests' => '1',
  'content-type' => 'application/x-www-form-urlencoded',
  'user-agent' => 'Mozilla/5.0 (Windows NT 6.1; WOW64) AppleWebKit/537.36 (KHTML, like Gecko) Chrome/65.0.3325.181 Safari/537.36',
  'accept' => 'text/html,application/xhtml+xml,application/xml;q=0.9,image/webp,image/apng,*/*;q=0.8',
  'referer' => 'http://www.test.com/public/index/login/login.html',
  'accept-encoding' => 'gzip, deflate',
  'accept-language' => 'zh-CN,zh;q=0.9',
  'cookie' => 'thinkphp_show_page_trace=0|0; thinkphp_show_page_trace=0|0; pgv_pvi=1388498944; Hm_lvt_080836300300be57b7f34f4b3e97d911=1552955272; PHPSESSID=7qjt6uivv0ta5i88gggm31c1v5; thinkphp_show_page_trace=0|0',
)
[ info ] [ PARAM ] array (
  'username' => '123',
  'password' => '123',
  'code' => 'oa5yw',
)
[ info ] [ RUN ] app\index\controller\Login->login[ D:\xampp\htdocs\thinkphp_5.0.24\application\index\controller\Login.php ]
[ info ] [ SESSION ] INIT array (
  'id' => '',
  'var_session_id' => '',
  'prefix' => 'think',
  'type' => '',
  'auto_start' => true,
)
[ info ] [ VIEW ] D:\xampp\htdocs\thinkphp_5.0.24\thinkphp\tpl\dispatch_jump.tpl [ array (
  0 => 'code',
  1 => 'msg',
  2 => 'data',
  3 => 'url',
  4 => 'wait',
) ]
[ info ] [ LOG ] INIT File
---------------------------------------------------------------
[ 2019-03-21T11:11:57+08:00 ] 127.0.0.1 GET www.test.com/public/index/login/login.html
[运行时间：0.255015s] [吞吐率：3.92req/s] [内存消耗：2,020.94kb] [文件加载：46]
[ info ] [ LANG ] D:\xampp\htdocs\thinkphp_5.0.24\thinkphp\lang\zh-cn.php
[ info ] [ ROUTE ] array (
  'type' => 'module',
  'module' => 
  array (
    0 => 'index',
    1 => 'login',
    2 => 'login',
  ),
)
[ info ] [ HEADER ] array (
  'host' => 'www.test.com',
  'connection' => 'keep-alive',
  'upgrade-insecure-requests' => '1',
  'user-agent' => 'Mozilla/5.0 (Windows NT 6.1; WOW64) AppleWebKit/537.36 (KHTML, like Gecko) Chrome/65.0.3325.181 Safari/537.36',
  'accept' => 'text/html,application/xhtml+xml,application/xml;q=0.9,image/webp,image/apng,*/*;q=0.8',
  'referer' => 'http://www.test.com/public/index/index.html',
  'accept-encoding' => 'gzip, deflate',
  'accept-language' => 'zh-CN,zh;q=0.9',
  'cookie' => 'thinkphp_show_page_trace=0|0; thinkphp_show_page_trace=0|0; pgv_pvi=1388498944; Hm_lvt_080836300300be57b7f34f4b3e97d911=1552955272; PHPSESSID=7qjt6uivv0ta5i88gggm31c1v5; thinkphp_show_page_trace=0|0',
)
[ info ] [ PARAM ] array (
)
[ info ] [ RUN ] app\index\controller\Login->login[ D:\xampp\htdocs\thinkphp_5.0.24\application\index\controller\Login.php ]
[ info ] [ VIEW ] D:\xampp\htdocs\thinkphp_5.0.24\public/../application/index\view\login\login.html [ array (
) ]
[ info ] [ LOG ] INIT File
---------------------------------------------------------------
[ 2019-03-21T11:11:59+08:00 ] 127.0.0.1 GET www.test.com/public/captcha.html?0.9025991343190285
[运行时间：0.264015s] [吞吐率：3.79req/s] [内存消耗：1,654.30kb] [文件加载：36]
[ info ] [ LANG ] D:\xampp\htdocs\thinkphp_5.0.24\thinkphp\lang\zh-cn.php
[ info ] [ ROUTE ] array (
  'type' => 'method',
  'method' => 
  array (
    0 => '\\think\\captcha\\CaptchaController',
    1 => 'index',
  ),
  'var' => 
  array (
  ),
)
[ info ] [ HEADER ] array (
  'host' => 'www.test.com',
  'connection' => 'keep-alive',
  'user-agent' => 'Mozilla/5.0 (Windows NT 6.1; WOW64) AppleWebKit/537.36 (KHTML, like Gecko) Chrome/65.0.3325.181 Safari/537.36',
  'accept' => 'image/webp,image/apng,image/*,*/*;q=0.8',
  'referer' => 'http://www.test.com/public/index/login/login.html',
  'accept-encoding' => 'gzip, deflate',
  'accept-language' => 'zh-CN,zh;q=0.9',
  'cookie' => 'pgv_pvi=1388498944; Hm_lvt_080836300300be57b7f34f4b3e97d911=1552955272; PHPSESSID=7qjt6uivv0ta5i88gggm31c1v5; thinkphp_show_page_trace=0|0',
)
[ info ] [ PARAM ] array (
  '0_9025991343190285' => '',
  'id' => '',
)
[ info ] [ RUN ] think\captcha\CaptchaController->index[ D:\xampp\htdocs\thinkphp_5.0.24\vendor\topthink\think-captcha\src\CaptchaController.php ]
[ info ] [ SESSION ] INIT array (
  'id' => '',
  'var_session_id' => '',
  'prefix' => 'think',
  'type' => '',
  'auto_start' => true,
)
[ info ] [ LOG ] INIT File
---------------------------------------------------------------
[ 2019-03-21T11:12:07+08:00 ] 127.0.0.1 POST www.test.com/public/index/login/login.html
[运行时间：0.289016s] [吞吐率：3.46req/s] [内存消耗：3,305.93kb] [文件加载：55]
[ info ] [ LANG ] D:\xampp\htdocs\thinkphp_5.0.24\thinkphp\lang\zh-cn.php
[ info ] [ ROUTE ] array (
  'type' => 'module',
  'module' => 
  array (
    0 => 'index',
    1 => 'login',
    2 => 'login',
  ),
)
[ info ] [ HEADER ] array (
  'host' => 'www.test.com',
  'connection' => 'keep-alive',
  'content-length' => '36',
  'cache-control' => 'max-age=0',
  'origin' => 'http://www.test.com',
  'upgrade-insecure-requests' => '1',
  'content-type' => 'application/x-www-form-urlencoded',
  'user-agent' => 'Mozilla/5.0 (Windows NT 6.1; WOW64) AppleWebKit/537.36 (KHTML, like Gecko) Chrome/65.0.3325.181 Safari/537.36',
  'accept' => 'text/html,application/xhtml+xml,application/xml;q=0.9,image/webp,image/apng,*/*;q=0.8',
  'referer' => 'http://www.test.com/public/index/login/login.html',
  'accept-encoding' => 'gzip, deflate',
  'accept-language' => 'zh-CN,zh;q=0.9',
  'cookie' => 'thinkphp_show_page_trace=0|0; thinkphp_show_page_trace=0|0; pgv_pvi=1388498944; Hm_lvt_080836300300be57b7f34f4b3e97d911=1552955272; PHPSESSID=7qjt6uivv0ta5i88gggm31c1v5; thinkphp_show_page_trace=0|0',
)
[ info ] [ PARAM ] array (
  'username' => '123',
  'password' => '123',
  'code' => 'zdpkm',
)
[ info ] [ RUN ] app\index\controller\Login->login[ D:\xampp\htdocs\thinkphp_5.0.24\application\index\controller\Login.php ]
[ info ] [ SESSION ] INIT array (
  'id' => '',
  'var_session_id' => '',
  'prefix' => 'think',
  'type' => '',
  'auto_start' => true,
)
[ info ] [ DB ] INIT mysql
[ info ] [ VIEW ] D:\xampp\htdocs\thinkphp_5.0.24\thinkphp\tpl\dispatch_jump.tpl [ array (
  0 => 'code',
  1 => 'msg',
  2 => 'data',
  3 => 'url',
  4 => 'wait',
) ]
[ info ] [ LOG ] INIT File
[ sql ] [ DB ] CONNECT:[ UseTime:0.001000s ] mysql:host=127.0.0.1;dbname=canteen;charset=utf8
[ sql ] [ SQL ] SHOW COLUMNS FROM `admin` [ RunTime:0.003000s ]
[ sql ] [ SQL ] SELECT * FROM `admin` WHERE  `username` = '123'  AND `password` = '520d55c9402441d196c5d789e79b44b0' LIMIT 1 [ RunTime:0.001001s ]
---------------------------------------------------------------
[ 2019-03-21T11:12:11+08:00 ] 127.0.0.1 GET www.test.com/public/index/index.html
[运行时间：0.295016s] [吞吐率：3.39req/s] [内存消耗：2,194.32kb] [文件加载：49]
[ info ] [ LANG ] D:\xampp\htdocs\thinkphp_5.0.24\thinkphp\lang\zh-cn.php
[ info ] [ ROUTE ] array (
  'type' => 'module',
  'module' => 
  array (
    0 => 'index',
    1 => 'index',
    2 => NULL,
  ),
)
[ info ] [ HEADER ] array (
  'host' => 'www.test.com',
  'connection' => 'keep-alive',
  'upgrade-insecure-requests' => '1',
  'user-agent' => 'Mozilla/5.0 (Windows NT 6.1; WOW64) AppleWebKit/537.36 (KHTML, like Gecko) Chrome/65.0.3325.181 Safari/537.36',
  'accept' => 'text/html,application/xhtml+xml,application/xml;q=0.9,image/webp,image/apng,*/*;q=0.8',
  'referer' => 'http://www.test.com/public/index/login/login.html',
  'accept-encoding' => 'gzip, deflate',
  'accept-language' => 'zh-CN,zh;q=0.9',
  'cookie' => 'thinkphp_show_page_trace=0|0; pgv_pvi=1388498944; Hm_lvt_080836300300be57b7f34f4b3e97d911=1552955272; PHPSESSID=7qjt6uivv0ta5i88gggm31c1v5; thinkphp_show_page_trace=0|0',
)
[ info ] [ PARAM ] array (
)
[ info ] [ SESSION ] INIT array (
  'id' => '',
  'var_session_id' => '',
  'prefix' => 'think',
  'type' => '',
  'auto_start' => true,
)
[ info ] [ RUN ] app\index\controller\Index->index[ D:\xampp\htdocs\thinkphp_5.0.24\application\index\controller\Index.php ]
[ info ] [ VIEW ] D:\xampp\htdocs\thinkphp_5.0.24\public/../application/index\view\index\layout_index.html [ array (
) ]
[ info ] [ LOG ] INIT File
---------------------------------------------------------------
[ 2019-03-21T11:12:12+08:00 ] 127.0.0.1 GET www.test.com/public/index/index/welcome.html
[运行时间：0.259015s] [吞吐率：3.86req/s] [内存消耗：2,112.38kb] [文件加载：48]
[ info ] [ LANG ] D:\xampp\htdocs\thinkphp_5.0.24\thinkphp\lang\zh-cn.php
[ info ] [ ROUTE ] array (
  'type' => 'module',
  'module' => 
  array (
    0 => 'index',
    1 => 'index',
    2 => 'welcome',
  ),
)
[ info ] [ HEADER ] array (
  'host' => 'www.test.com',
  'connection' => 'keep-alive',
  'upgrade-insecure-requests' => '1',
  'user-agent' => 'Mozilla/5.0 (Windows NT 6.1; WOW64) AppleWebKit/537.36 (KHTML, like Gecko) Chrome/65.0.3325.181 Safari/537.36',
  'accept' => 'text/html,application/xhtml+xml,application/xml;q=0.9,image/webp,image/apng,*/*;q=0.8',
  'referer' => 'http://www.test.com/public/index/index.html',
  'accept-encoding' => 'gzip, deflate',
  'accept-language' => 'zh-CN,zh;q=0.9',
  'cookie' => 'thinkphp_show_page_trace=0|0; thinkphp_show_page_trace=0|0; pgv_pvi=1388498944; Hm_lvt_080836300300be57b7f34f4b3e97d911=1552955272; PHPSESSID=7qjt6uivv0ta5i88gggm31c1v5; thinkphp_show_page_trace=0|0',
)
[ info ] [ PARAM ] array (
)
[ info ] [ SESSION ] INIT array (
  'id' => '',
  'var_session_id' => '',
  'prefix' => 'think',
  'type' => '',
  'auto_start' => true,
)
[ info ] [ RUN ] app\index\controller\Index->welcome[ D:\xampp\htdocs\thinkphp_5.0.24\application\index\controller\Index.php ]
[ info ] [ VIEW ] D:\xampp\htdocs\thinkphp_5.0.24\public/../application/index\view\index\welcome.html [ array (
) ]
[ info ] [ LOG ] INIT File
---------------------------------------------------------------
[ 2019-03-21T11:12:17+08:00 ] 127.0.0.1 GET www.test.com/public/index/site/querysitelinecount.html
[运行时间：0.293017s] [吞吐率：3.41req/s] [内存消耗：3,465.88kb] [文件加载：56]
[ info ] [ LANG ] D:\xampp\htdocs\thinkphp_5.0.24\thinkphp\lang\zh-cn.php
[ info ] [ ROUTE ] array (
  'type' => 'module',
  'module' => 
  array (
    0 => 'index',
    1 => 'site',
    2 => 'querysitelinecount',
  ),
)
[ info ] [ HEADER ] array (
  'host' => 'www.test.com',
  'connection' => 'keep-alive',
  'upgrade-insecure-requests' => '1',
  'user-agent' => 'Mozilla/5.0 (Windows NT 6.1; WOW64) AppleWebKit/537.36 (KHTML, like Gecko) Chrome/65.0.3325.181 Safari/537.36',
  'accept' => 'text/html,application/xhtml+xml,application/xml;q=0.9,image/webp,image/apng,*/*;q=0.8',
  'referer' => 'http://www.test.com/public/index/index.html',
  'accept-encoding' => 'gzip, deflate',
  'accept-language' => 'zh-CN,zh;q=0.9',
  'cookie' => 'thinkphp_show_page_trace=0|0; pgv_pvi=1388498944; Hm_lvt_080836300300be57b7f34f4b3e97d911=1552955272; PHPSESSID=7qjt6uivv0ta5i88gggm31c1v5; thinkphp_show_page_trace=0|0',
)
[ info ] [ PARAM ] array (
)
[ info ] [ SESSION ] INIT array (
  'id' => '',
  'var_session_id' => '',
  'prefix' => 'think',
  'type' => '',
  'auto_start' => true,
)
[ info ] [ RUN ] app\index\controller\Site->querySiteLineCount[ D:\xampp\htdocs\thinkphp_5.0.24\application\index\controller\Site.php ]
[ info ] [ DB ] INIT mysql
[ info ] [ VIEW ] D:\xampp\htdocs\thinkphp_5.0.24\public/../application/index\view\site\site_count.html [ array (
  0 => 'data',
) ]
[ info ] [ LOG ] INIT File
[ sql ] [ DB ] CONNECT:[ UseTime:0.001000s ] mysql:host=127.0.0.1;dbname=canteen;charset=utf8
[ sql ] [ SQL ] SHOW COLUMNS FROM `site_line` [ RunTime:0.007000s ]
[ sql ] [ SQL ] SELECT * FROM `site_line` WHERE  `is_del` = 0 ORDER BY `id` DESC [ RunTime:0.001000s ]
---------------------------------------------------------------
[ 2019-03-21T11:12:18+08:00 ] 127.0.0.1 GET www.test.com/public/index/site/release.html
[运行时间：0.276016s] [吞吐率：3.62req/s] [内存消耗：3,466.80kb] [文件加载：56]
[ info ] [ LANG ] D:\xampp\htdocs\thinkphp_5.0.24\thinkphp\lang\zh-cn.php
[ info ] [ ROUTE ] array (
  'type' => 'module',
  'module' => 
  array (
    0 => 'index',
    1 => 'site',
    2 => 'release',
  ),
)
[ info ] [ HEADER ] array (
  'host' => 'www.test.com',
  'connection' => 'keep-alive',
  'upgrade-insecure-requests' => '1',
  'user-agent' => 'Mozilla/5.0 (Windows NT 6.1; WOW64) AppleWebKit/537.36 (KHTML, like Gecko) Chrome/65.0.3325.181 Safari/537.36',
  'accept' => 'text/html,application/xhtml+xml,application/xml;q=0.9,image/webp,image/apng,*/*;q=0.8',
  'referer' => 'http://www.test.com/public/index/index.html',
  'accept-encoding' => 'gzip, deflate',
  'accept-language' => 'zh-CN,zh;q=0.9',
  'cookie' => 'thinkphp_show_page_trace=0|0; thinkphp_show_page_trace=0|0; pgv_pvi=1388498944; Hm_lvt_080836300300be57b7f34f4b3e97d911=1552955272; PHPSESSID=7qjt6uivv0ta5i88gggm31c1v5; thinkphp_show_page_trace=0|0',
)
[ info ] [ PARAM ] array (
)
[ info ] [ SESSION ] INIT array (
  'id' => '',
  'var_session_id' => '',
  'prefix' => 'think',
  'type' => '',
  'auto_start' => true,
)
[ info ] [ RUN ] app\index\controller\Site->release[ D:\xampp\htdocs\thinkphp_5.0.24\application\index\controller\Site.php ]
[ info ] [ DB ] INIT mysql
[ info ] [ VIEW ] D:\xampp\htdocs\thinkphp_5.0.24\public/../application/index\view\site\release.html [ array (
  0 => 'data',
) ]
[ info ] [ LOG ] INIT File
[ sql ] [ DB ] CONNECT:[ UseTime:0.000000s ] mysql:host=127.0.0.1;dbname=canteen;charset=utf8
[ sql ] [ SQL ] SHOW COLUMNS FROM `site_line` [ RunTime:0.003000s ]
[ sql ] [ SQL ] SELECT * FROM `site_line` WHERE  `is_del` = 0 ORDER BY `id` DESC [ RunTime:0.000000s ]
---------------------------------------------------------------
[ 2019-03-21T11:26:59+08:00 ] 127.0.0.1 GET www.test.com/public/index/index/welcome.html
[ error ] [1045]SQLSTATE[HY000] [1045] Access denied for user 'tsgc'@'localhost' (using password: YES)
---------------------------------------------------------------
[ 2019-03-21T11:27:30+08:00 ] 127.0.0.1 GET www.test.com/public/index/index/welcome.html
[ error ] [1045]SQLSTATE[HY000] [1045] Access denied for user 'tsgc'@'localhost' (using password: YES)
---------------------------------------------------------------
[ 2019-03-21T11:27:34+08:00 ] 127.0.0.1 GET www.test.com/public/index/index.html
[运行时间：0.273016s] [吞吐率：3.66req/s] [内存消耗：2,023.15kb] [文件加载：47]
[ info ] [ LANG ] D:\xampp\htdocs\thinkphp_5.0.24\thinkphp\lang\zh-cn.php
[ info ] [ ROUTE ] array (
  'type' => 'module',
  'module' => 
  array (
    0 => 'index',
    1 => 'index',
    2 => NULL,
  ),
)
[ info ] [ HEADER ] array (
  'host' => 'www.test.com',
  'connection' => 'keep-alive',
  'cache-control' => 'max-age=0',
  'upgrade-insecure-requests' => '1',
  'user-agent' => 'Mozilla/5.0 (Windows NT 6.1; WOW64) AppleWebKit/537.36 (KHTML, like Gecko) Chrome/65.0.3325.181 Safari/537.36',
  'accept' => 'text/html,application/xhtml+xml,application/xml;q=0.9,image/webp,image/apng,*/*;q=0.8',
  'referer' => 'http://www.test.com/public/index/login/login.html',
  'accept-encoding' => 'gzip, deflate',
  'accept-language' => 'zh-CN,zh;q=0.9',
  'cookie' => 'thinkphp_show_page_trace=0|0; pgv_pvi=1388498944; Hm_lvt_080836300300be57b7f34f4b3e97d911=1552955272; PHPSESSID=7qjt6uivv0ta5i88gggm31c1v5; thinkphp_show_page_trace=0|0',
)
[ info ] [ PARAM ] array (
)
[ info ] [ SESSION ] INIT array (
  'id' => '',
  'var_session_id' => '',
  'prefix' => 'think',
  'type' => '',
  'auto_start' => true,
)
[ info ] [ RUN ] app\index\controller\Index->index[ D:\xampp\htdocs\thinkphp_5.0.24\application\index\controller\Index.php ]
[ info ] [ VIEW ] D:\xampp\htdocs\thinkphp_5.0.24\public/../application/index\view\index\layout_index.html [ array (
) ]
[ info ] [ LOG ] INIT File
---------------------------------------------------------------
[ 2019-03-21T11:27:35+08:00 ] 127.0.0.1 GET www.test.com/public/index/index/welcome.html
[运行时间：0.452026s] [吞吐率：2.21req/s] [内存消耗：2,118.65kb] [文件加载：49]
[ info ] [ LANG ] D:\xampp\htdocs\thinkphp_5.0.24\thinkphp\lang\zh-cn.php
[ info ] [ ROUTE ] array (
  'type' => 'module',
  'module' => 
  array (
    0 => 'index',
    1 => 'index',
    2 => 'welcome',
  ),
)
[ info ] [ HEADER ] array (
  'host' => 'www.test.com',
  'connection' => 'keep-alive',
  'upgrade-insecure-requests' => '1',
  'user-agent' => 'Mozilla/5.0 (Windows NT 6.1; WOW64) AppleWebKit/537.36 (KHTML, like Gecko) Chrome/65.0.3325.181 Safari/537.36',
  'accept' => 'text/html,application/xhtml+xml,application/xml;q=0.9,image/webp,image/apng,*/*;q=0.8',
  'referer' => 'http://www.test.com/public/index/index.html',
  'accept-encoding' => 'gzip, deflate',
  'accept-language' => 'zh-CN,zh;q=0.9',
  'cookie' => 'thinkphp_show_page_trace=0|0; thinkphp_show_page_trace=0|0; pgv_pvi=1388498944; Hm_lvt_080836300300be57b7f34f4b3e97d911=1552955272; PHPSESSID=7qjt6uivv0ta5i88gggm31c1v5; thinkphp_show_page_trace=0|0',
)
[ info ] [ PARAM ] array (
)
[ info ] [ SESSION ] INIT array (
  'id' => '',
  'var_session_id' => '',
  'prefix' => 'think',
  'type' => '',
  'auto_start' => true,
)
[ info ] [ RUN ] app\index\controller\Index->welcome[ D:\xampp\htdocs\thinkphp_5.0.24\application\index\controller\Index.php ]
[ info ] [ DB ] INIT mysql
[ info ] [ LOG ] INIT File
[ error ] [1045]SQLSTATE[HY000] [1045] Access denied for user 'tsgc'@'localhost' (using password: YES)[D:\xampp\htdocs\thinkphp_5.0.24\thinkphp\library\think\db\Connection.php:295]
---------------------------------------------------------------
[ 2019-03-21T11:27:42+08:00 ] 127.0.0.1 GET www.test.com/public/index/index.html
[运行时间：0.247014s] [吞吐率：4.05req/s] [内存消耗：2,023.15kb] [文件加载：47]
[ info ] [ LANG ] D:\xampp\htdocs\thinkphp_5.0.24\thinkphp\lang\zh-cn.php
[ info ] [ ROUTE ] array (
  'type' => 'module',
  'module' => 
  array (
    0 => 'index',
    1 => 'index',
    2 => NULL,
  ),
)
[ info ] [ HEADER ] array (
  'host' => 'www.test.com',
  'connection' => 'keep-alive',
  'cache-control' => 'max-age=0',
  'upgrade-insecure-requests' => '1',
  'user-agent' => 'Mozilla/5.0 (Windows NT 6.1; WOW64) AppleWebKit/537.36 (KHTML, like Gecko) Chrome/65.0.3325.181 Safari/537.36',
  'accept' => 'text/html,application/xhtml+xml,application/xml;q=0.9,image/webp,image/apng,*/*;q=0.8',
  'referer' => 'http://www.test.com/public/index/login/login.html',
  'accept-encoding' => 'gzip, deflate',
  'accept-language' => 'zh-CN,zh;q=0.9',
  'cookie' => 'thinkphp_show_page_trace=0|0; pgv_pvi=1388498944; Hm_lvt_080836300300be57b7f34f4b3e97d911=1552955272; PHPSESSID=7qjt6uivv0ta5i88gggm31c1v5; thinkphp_show_page_trace=0|0',
)
[ info ] [ PARAM ] array (
)
[ info ] [ SESSION ] INIT array (
  'id' => '',
  'var_session_id' => '',
  'prefix' => 'think',
  'type' => '',
  'auto_start' => true,
)
[ info ] [ RUN ] app\index\controller\Index->index[ D:\xampp\htdocs\thinkphp_5.0.24\application\index\controller\Index.php ]
[ info ] [ VIEW ] D:\xampp\htdocs\thinkphp_5.0.24\public/../application/index\view\index\layout_index.html [ array (
) ]
[ info ] [ LOG ] INIT File
---------------------------------------------------------------
[ 2019-03-21T11:27:43+08:00 ] 127.0.0.1 GET www.test.com/public/index/index/welcome.html
[运行时间：0.277016s] [吞吐率：3.61req/s] [内存消耗：2,318.76kb] [文件加载：50]
[ info ] [ LANG ] D:\xampp\htdocs\thinkphp_5.0.24\thinkphp\lang\zh-cn.php
[ info ] [ ROUTE ] array (
  'type' => 'module',
  'module' => 
  array (
    0 => 'index',
    1 => 'index',
    2 => 'welcome',
  ),
)
[ info ] [ HEADER ] array (
  'host' => 'www.test.com',
  'connection' => 'keep-alive',
  'upgrade-insecure-requests' => '1',
  'user-agent' => 'Mozilla/5.0 (Windows NT 6.1; WOW64) AppleWebKit/537.36 (KHTML, like Gecko) Chrome/65.0.3325.181 Safari/537.36',
  'accept' => 'text/html,application/xhtml+xml,application/xml;q=0.9,image/webp,image/apng,*/*;q=0.8',
  'referer' => 'http://www.test.com/public/index/index.html',
  'accept-encoding' => 'gzip, deflate',
  'accept-language' => 'zh-CN,zh;q=0.9',
  'cookie' => 'thinkphp_show_page_trace=0|0; thinkphp_show_page_trace=0|0; pgv_pvi=1388498944; Hm_lvt_080836300300be57b7f34f4b3e97d911=1552955272; PHPSESSID=7qjt6uivv0ta5i88gggm31c1v5; thinkphp_show_page_trace=0|0',
)
[ info ] [ PARAM ] array (
)
[ info ] [ SESSION ] INIT array (
  'id' => '',
  'var_session_id' => '',
  'prefix' => 'think',
  'type' => '',
  'auto_start' => true,
)
[ info ] [ RUN ] app\index\controller\Index->welcome[ D:\xampp\htdocs\thinkphp_5.0.24\application\index\controller\Index.php ]
[ info ] [ DB ] INIT mysql
[ info ] [ VIEW ] D:\xampp\htdocs\thinkphp_5.0.24\public/../application/index\view\index\welcome.html [ array (
  0 => 'food',
  1 => 'site',
) ]
[ info ] [ LOG ] INIT File
[ sql ] [ DB ] CONNECT:[ UseTime:0.001000s ] mysql:host=127.0.0.1;dbname=canteen;charset=utf8
[ sql ] [ SQL ] select name,ifnull(b.counts,0) as counts from (select id,name from food where is_del=0)a left join
    (select food_id,count(1) as counts from vote where is_del=0 group by food_id) b on a.id=b.food_id order by counts+0 desc [ RunTime:0.001000s ]
[ sql ] [ SQL ] select name,ifnull(b.counts,0) as counts from (select id,name from site where is_del=0)a left join
                                                  (select site_id,sum(num) as counts from site_vote where is_del=0 group by site_id) b on a.id=b.site_id order by counts+0 desc [ RunTime:0.001000s ]
---------------------------------------------------------------
[ 2019-03-21T11:28:15+08:00 ] 127.0.0.1 GET www.test.com/public/index/index.html
[运行时间：0.244014s] [吞吐率：4.10req/s] [内存消耗：2,023.15kb] [文件加载：47]
[ info ] [ LANG ] D:\xampp\htdocs\thinkphp_5.0.24\thinkphp\lang\zh-cn.php
[ info ] [ ROUTE ] array (
  'type' => 'module',
  'module' => 
  array (
    0 => 'index',
    1 => 'index',
    2 => NULL,
  ),
)
[ info ] [ HEADER ] array (
  'host' => 'www.test.com',
  'connection' => 'keep-alive',
  'cache-control' => 'max-age=0',
  'upgrade-insecure-requests' => '1',
  'user-agent' => 'Mozilla/5.0 (Windows NT 6.1; WOW64) AppleWebKit/537.36 (KHTML, like Gecko) Chrome/65.0.3325.181 Safari/537.36',
  'accept' => 'text/html,application/xhtml+xml,application/xml;q=0.9,image/webp,image/apng,*/*;q=0.8',
  'referer' => 'http://www.test.com/public/index/login/login.html',
  'accept-encoding' => 'gzip, deflate',
  'accept-language' => 'zh-CN,zh;q=0.9',
  'cookie' => 'thinkphp_show_page_trace=0|0; pgv_pvi=1388498944; Hm_lvt_080836300300be57b7f34f4b3e97d911=1552955272; PHPSESSID=7qjt6uivv0ta5i88gggm31c1v5; thinkphp_show_page_trace=0|0',
)
[ info ] [ PARAM ] array (
)
[ info ] [ SESSION ] INIT array (
  'id' => '',
  'var_session_id' => '',
  'prefix' => 'think',
  'type' => '',
  'auto_start' => true,
)
[ info ] [ RUN ] app\index\controller\Index->index[ D:\xampp\htdocs\thinkphp_5.0.24\application\index\controller\Index.php ]
[ info ] [ VIEW ] D:\xampp\htdocs\thinkphp_5.0.24\public/../application/index\view\index\layout_index.html [ array (
) ]
[ info ] [ LOG ] INIT File
---------------------------------------------------------------
[ 2019-03-21T11:28:15+08:00 ] 127.0.0.1 GET www.test.com/public/index/index/welcome.html
[运行时间：0.268015s] [吞吐率：3.73req/s] [内存消耗：2,319.26kb] [文件加载：50]
[ info ] [ LANG ] D:\xampp\htdocs\thinkphp_5.0.24\thinkphp\lang\zh-cn.php
[ info ] [ ROUTE ] array (
  'type' => 'module',
  'module' => 
  array (
    0 => 'index',
    1 => 'index',
    2 => 'welcome',
  ),
)
[ info ] [ HEADER ] array (
  'host' => 'www.test.com',
  'connection' => 'keep-alive',
  'upgrade-insecure-requests' => '1',
  'user-agent' => 'Mozilla/5.0 (Windows NT 6.1; WOW64) AppleWebKit/537.36 (KHTML, like Gecko) Chrome/65.0.3325.181 Safari/537.36',
  'accept' => 'text/html,application/xhtml+xml,application/xml;q=0.9,image/webp,image/apng,*/*;q=0.8',
  'referer' => 'http://www.test.com/public/index/index.html',
  'accept-encoding' => 'gzip, deflate',
  'accept-language' => 'zh-CN,zh;q=0.9',
  'cookie' => 'thinkphp_show_page_trace=0|0; thinkphp_show_page_trace=0|0; pgv_pvi=1388498944; Hm_lvt_080836300300be57b7f34f4b3e97d911=1552955272; PHPSESSID=7qjt6uivv0ta5i88gggm31c1v5; thinkphp_show_page_trace=0|0',
)
[ info ] [ PARAM ] array (
)
[ info ] [ SESSION ] INIT array (
  'id' => '',
  'var_session_id' => '',
  'prefix' => 'think',
  'type' => '',
  'auto_start' => true,
)
[ info ] [ RUN ] app\index\controller\Index->welcome[ D:\xampp\htdocs\thinkphp_5.0.24\application\index\controller\Index.php ]
[ info ] [ DB ] INIT mysql
[ info ] [ VIEW ] D:\xampp\htdocs\thinkphp_5.0.24\public/../application/index\view\index\welcome.html [ array (
  0 => 'food',
  1 => 'site',
) ]
[ info ] [ LOG ] INIT File
[ sql ] [ DB ] CONNECT:[ UseTime:0.001000s ] mysql:host=127.0.0.1;dbname=canteen;charset=utf8
[ sql ] [ SQL ] select name,ifnull(b.counts,0) as counts from (select id,name from food where is_del=0)a left join
    (select food_id,count(1) as counts from vote where is_del=0 group by food_id) b on a.id=b.food_id order by counts+0 desc [ RunTime:0.001000s ]
[ sql ] [ SQL ] select name,ifnull(b.counts,0) as counts from (select id,name from site where is_del=0)a left join
                                                  (select site_id,sum(num) as counts from site_vote where is_del=0 group by site_id) b on a.id=b.site_id order by counts+0 desc [ RunTime:0.001000s ]
---------------------------------------------------------------
[ 2019-03-21T11:28:31+08:00 ] 127.0.0.1 GET www.test.com/public/index/index.html
[运行时间：0.229013s] [吞吐率：4.37req/s] [内存消耗：2,023.15kb] [文件加载：47]
[ info ] [ LANG ] D:\xampp\htdocs\thinkphp_5.0.24\thinkphp\lang\zh-cn.php
[ info ] [ ROUTE ] array (
  'type' => 'module',
  'module' => 
  array (
    0 => 'index',
    1 => 'index',
    2 => NULL,
  ),
)
[ info ] [ HEADER ] array (
  'host' => 'www.test.com',
  'connection' => 'keep-alive',
  'cache-control' => 'max-age=0',
  'upgrade-insecure-requests' => '1',
  'user-agent' => 'Mozilla/5.0 (Windows NT 6.1; WOW64) AppleWebKit/537.36 (KHTML, like Gecko) Chrome/65.0.3325.181 Safari/537.36',
  'accept' => 'text/html,application/xhtml+xml,application/xml;q=0.9,image/webp,image/apng,*/*;q=0.8',
  'referer' => 'http://www.test.com/public/index/login/login.html',
  'accept-encoding' => 'gzip, deflate',
  'accept-language' => 'zh-CN,zh;q=0.9',
  'cookie' => 'thinkphp_show_page_trace=0|0; pgv_pvi=1388498944; Hm_lvt_080836300300be57b7f34f4b3e97d911=1552955272; PHPSESSID=7qjt6uivv0ta5i88gggm31c1v5; thinkphp_show_page_trace=0|0',
)
[ info ] [ PARAM ] array (
)
[ info ] [ SESSION ] INIT array (
  'id' => '',
  'var_session_id' => '',
  'prefix' => 'think',
  'type' => '',
  'auto_start' => true,
)
[ info ] [ RUN ] app\index\controller\Index->index[ D:\xampp\htdocs\thinkphp_5.0.24\application\index\controller\Index.php ]
[ info ] [ VIEW ] D:\xampp\htdocs\thinkphp_5.0.24\public/../application/index\view\index\layout_index.html [ array (
) ]
[ info ] [ LOG ] INIT File
---------------------------------------------------------------
[ 2019-03-21T11:28:31+08:00 ] 127.0.0.1 GET www.test.com/public/index/index/welcome.html
[运行时间：0.274015s] [吞吐率：3.65req/s] [内存消耗：2,319.26kb] [文件加载：50]
[ info ] [ LANG ] D:\xampp\htdocs\thinkphp_5.0.24\thinkphp\lang\zh-cn.php
[ info ] [ ROUTE ] array (
  'type' => 'module',
  'module' => 
  array (
    0 => 'index',
    1 => 'index',
    2 => 'welcome',
  ),
)
[ info ] [ HEADER ] array (
  'host' => 'www.test.com',
  'connection' => 'keep-alive',
  'upgrade-insecure-requests' => '1',
  'user-agent' => 'Mozilla/5.0 (Windows NT 6.1; WOW64) AppleWebKit/537.36 (KHTML, like Gecko) Chrome/65.0.3325.181 Safari/537.36',
  'accept' => 'text/html,application/xhtml+xml,application/xml;q=0.9,image/webp,image/apng,*/*;q=0.8',
  'referer' => 'http://www.test.com/public/index/index.html',
  'accept-encoding' => 'gzip, deflate',
  'accept-language' => 'zh-CN,zh;q=0.9',
  'cookie' => 'thinkphp_show_page_trace=0|0; thinkphp_show_page_trace=0|0; pgv_pvi=1388498944; Hm_lvt_080836300300be57b7f34f4b3e97d911=1552955272; PHPSESSID=7qjt6uivv0ta5i88gggm31c1v5; thinkphp_show_page_trace=0|0',
)
[ info ] [ PARAM ] array (
)
[ info ] [ SESSION ] INIT array (
  'id' => '',
  'var_session_id' => '',
  'prefix' => 'think',
  'type' => '',
  'auto_start' => true,
)
[ info ] [ RUN ] app\index\controller\Index->welcome[ D:\xampp\htdocs\thinkphp_5.0.24\application\index\controller\Index.php ]
[ info ] [ DB ] INIT mysql
[ info ] [ VIEW ] D:\xampp\htdocs\thinkphp_5.0.24\public/../application/index\view\index\welcome.html [ array (
  0 => 'food',
  1 => 'site',
) ]
[ info ] [ LOG ] INIT File
[ sql ] [ DB ] CONNECT:[ UseTime:0.001000s ] mysql:host=127.0.0.1;dbname=canteen;charset=utf8
[ sql ] [ SQL ] select name,ifnull(b.counts,0) as counts from (select id,name from food where is_del=0)a left join
    (select food_id,count(1) as counts from vote where is_del=0 group by food_id) b on a.id=b.food_id order by counts+0 desc [ RunTime:0.002000s ]
[ sql ] [ SQL ] select name,ifnull(b.counts,0) as counts from (select id,name from site where is_del=0)a left join
                                                  (select site_id,sum(num) as counts from site_vote where is_del=0 group by site_id) b on a.id=b.site_id order by counts+0 desc [ RunTime:0.001000s ]
---------------------------------------------------------------
[ 2019-03-21T11:36:22+08:00 ] 127.0.0.1 GET www.test.com/public/index/emp/index.html
[运行时间：0.289017s] [吞吐率：3.46req/s] [内存消耗：3,588.28kb] [文件加载：60]
[ info ] [ LANG ] D:\xampp\htdocs\thinkphp_5.0.24\thinkphp\lang\zh-cn.php
[ info ] [ ROUTE ] array (
  'type' => 'module',
  'module' => 
  array (
    0 => 'index',
    1 => 'emp',
    2 => 'index',
  ),
)
[ info ] [ HEADER ] array (
  'host' => 'www.test.com',
  'connection' => 'keep-alive',
  'upgrade-insecure-requests' => '1',
  'user-agent' => 'Mozilla/5.0 (Windows NT 6.1; WOW64) AppleWebKit/537.36 (KHTML, like Gecko) Chrome/65.0.3325.181 Safari/537.36',
  'accept' => 'text/html,application/xhtml+xml,application/xml;q=0.9,image/webp,image/apng,*/*;q=0.8',
  'referer' => 'http://www.test.com/public/index/index.html',
  'accept-encoding' => 'gzip, deflate',
  'accept-language' => 'zh-CN,zh;q=0.9',
  'cookie' => 'thinkphp_show_page_trace=0|0; thinkphp_show_page_trace=0|0; pgv_pvi=1388498944; Hm_lvt_080836300300be57b7f34f4b3e97d911=1552955272; PHPSESSID=7qjt6uivv0ta5i88gggm31c1v5; thinkphp_show_page_trace=0|0',
)
[ info ] [ PARAM ] array (
)
[ info ] [ SESSION ] INIT array (
  'id' => '',
  'var_session_id' => '',
  'prefix' => 'think',
  'type' => '',
  'auto_start' => true,
)
[ info ] [ RUN ] app\index\controller\Emp->index[ D:\xampp\htdocs\thinkphp_5.0.24\application\index\controller\Emp.php ]
[ info ] [ DB ] INIT mysql
[ info ] [ VIEW ] D:\xampp\htdocs\thinkphp_5.0.24\public/../application/index\view\emp\index.html [ array (
  0 => 'data',
  1 => 'phone',
  2 => 'name',
) ]
[ info ] [ LOG ] INIT File
[ sql ] [ DB ] CONNECT:[ UseTime:0.000000s ] mysql:host=127.0.0.1;dbname=canteen;charset=utf8
[ sql ] [ SQL ] SHOW COLUMNS FROM `emp` [ RunTime:0.006000s ]
[ sql ] [ SQL ] SELECT COUNT(*) AS tp_count FROM `emp` WHERE  `is_del` = 0 LIMIT 1 [ RunTime:0.001000s ]
[ sql ] [ SQL ] SELECT *,(case when gender=1 then '男' when gender=2 then '女' else '其他'end) as gender FROM `emp` WHERE  `is_del` = 0 LIMIT 0,10 [ RunTime:0.001000s ]
---------------------------------------------------------------
[ 2019-03-21T11:38:07+08:00 ] 127.0.0.1 GET www.test.com/public/index/index.html
[运行时间：0.277015s] [吞吐率：3.61req/s] [内存消耗：2,023.15kb] [文件加载：47]
[ info ] [ LANG ] D:\xampp\htdocs\thinkphp_5.0.24\thinkphp\lang\zh-cn.php
[ info ] [ ROUTE ] array (
  'type' => 'module',
  'module' => 
  array (
    0 => 'index',
    1 => 'index',
    2 => NULL,
  ),
)
[ info ] [ HEADER ] array (
  'host' => 'www.test.com',
  'connection' => 'keep-alive',
  'cache-control' => 'max-age=0',
  'upgrade-insecure-requests' => '1',
  'user-agent' => 'Mozilla/5.0 (Windows NT 6.1; WOW64) AppleWebKit/537.36 (KHTML, like Gecko) Chrome/65.0.3325.181 Safari/537.36',
  'accept' => 'text/html,application/xhtml+xml,application/xml;q=0.9,image/webp,image/apng,*/*;q=0.8',
  'referer' => 'http://www.test.com/public/index/login/login.html',
  'accept-encoding' => 'gzip, deflate',
  'accept-language' => 'zh-CN,zh;q=0.9',
  'cookie' => 'thinkphp_show_page_trace=0|0; pgv_pvi=1388498944; Hm_lvt_080836300300be57b7f34f4b3e97d911=1552955272; PHPSESSID=7qjt6uivv0ta5i88gggm31c1v5; thinkphp_show_page_trace=0|0',
)
[ info ] [ PARAM ] array (
)
[ info ] [ SESSION ] INIT array (
  'id' => '',
  'var_session_id' => '',
  'prefix' => 'think',
  'type' => '',
  'auto_start' => true,
)
[ info ] [ RUN ] app\index\controller\Index->index[ D:\xampp\htdocs\thinkphp_5.0.24\application\index\controller\Index.php ]
[ info ] [ VIEW ] D:\xampp\htdocs\thinkphp_5.0.24\public/../application/index\view\index\layout_index.html [ array (
) ]
[ info ] [ LOG ] INIT File
---------------------------------------------------------------
[ 2019-03-21T11:38:07+08:00 ] 127.0.0.1 GET www.test.com/public/index/index/welcome.html
[运行时间：0.289016s] [吞吐率：3.46req/s] [内存消耗：2,164.15kb] [文件加载：48]
[ info ] [ LANG ] D:\xampp\htdocs\thinkphp_5.0.24\thinkphp\lang\zh-cn.php
[ info ] [ ROUTE ] array (
  'type' => 'module',
  'module' => 
  array (
    0 => 'index',
    1 => 'index',
    2 => 'welcome',
  ),
)
[ info ] [ HEADER ] array (
  'host' => 'www.test.com',
  'connection' => 'keep-alive',
  'upgrade-insecure-requests' => '1',
  'user-agent' => 'Mozilla/5.0 (Windows NT 6.1; WOW64) AppleWebKit/537.36 (KHTML, like Gecko) Chrome/65.0.3325.181 Safari/537.36',
  'accept' => 'text/html,application/xhtml+xml,application/xml;q=0.9,image/webp,image/apng,*/*;q=0.8',
  'referer' => 'http://www.test.com/public/index/index.html',
  'accept-encoding' => 'gzip, deflate',
  'accept-language' => 'zh-CN,zh;q=0.9',
  'cookie' => 'thinkphp_show_page_trace=0|0; thinkphp_show_page_trace=0|0; pgv_pvi=1388498944; Hm_lvt_080836300300be57b7f34f4b3e97d911=1552955272; PHPSESSID=7qjt6uivv0ta5i88gggm31c1v5; thinkphp_show_page_trace=0|0',
)
[ info ] [ PARAM ] array (
)
[ info ] [ SESSION ] INIT array (
  'id' => '',
  'var_session_id' => '',
  'prefix' => 'think',
  'type' => '',
  'auto_start' => true,
)
[ info ] [ RUN ] app\index\controller\Index->welcome[ D:\xampp\htdocs\thinkphp_5.0.24\application\index\controller\Index.php ]
[ info ] [ DB ] INIT mysql
[ info ] [ VIEW ] D:\xampp\htdocs\thinkphp_5.0.24\public/../application/index\view\index\welcome.html [ array (
  0 => 'food',
  1 => 'site',
) ]
[ info ] [ LOG ] INIT File
[ sql ] [ DB ] CONNECT:[ UseTime:0.002000s ] mysql:host=127.0.0.1;dbname=canteen;charset=utf8
[ sql ] [ SQL ] select name,ifnull(b.counts,0) as counts from (select id,name from food where is_del=0)a left join
    (select food_id,count(1) as counts from vote where is_del=0 group by food_id) b on a.id=b.food_id order by counts+0 desc [ RunTime:0.002000s ]
[ sql ] [ SQL ] select name,ifnull(b.counts,0) as counts from (select id,name from site where is_del=0)a left join
                                                  (select site_id,sum(num) as counts from site_vote where is_del=0 group by site_id) b on a.id=b.site_id order by counts+0 desc [ RunTime:0.001000s ]
---------------------------------------------------------------
[ 2019-03-21T12:59:14+08:00 ] 127.0.0.1 GET www.test.com/public/index/index/welcome.html
[ sql ] [ DB ] CONNECT:[ UseTime:0.011001s ] mysql:host=127.0.0.1;dbname=canteen;charset=utf8
[ sql ] [ SQL ] select name,ifnull(b.counts,0) as counts from (select id,name from food where is_del=0)a left join
    (select food_id,count(1) as counts from vote where is_del=0 group by food_id) b on a.id=b.food_id order by counts+0 desc [ RunTime:0.009000s ]
[ sql ] [ SQL ] select name,ifnull(b.counts,0) as counts from (select id,name from site where is_del=0)a left join
                                                  (select site_id,sum(num) as counts from site_vote where is_del=0 group by site_id) b on a.id=b.site_id order by counts+0 desc [ RunTime:0.004000s ]
---------------------------------------------------------------
[ 2019-03-21T16:55:21+08:00 ] 127.0.0.1 POST www.huimeike.com/public/index/login/login.html
[ sql ] [ DB ] CONNECT:[ UseTime:0.003000s ] mysql:host=127.0.0.1;dbname=huimeike;charset=utf8
[ error ] [10501]SQLSTATE[42S02]: Base table or view not found: 1146 Table 'huimeike.admin' doesn't exist
---------------------------------------------------------------
[ 2019-03-21T16:55:44+08:00 ] 127.0.0.1 POST www.huimeike.com/public/index/login/login.html
[运行时间：0.268016s] [吞吐率：3.73req/s] [内存消耗：2,024.90kb] [文件加载：47]
[ info ] [ LANG ] D:\xampp\htdocs\huimeike\thinkphp\lang\zh-cn.php
[ info ] [ ROUTE ] array (
  'type' => 'module',
  'module' => 
  array (
    0 => 'index',
    1 => 'login',
    2 => 'login',
  ),
)
[ info ] [ HEADER ] array (
  'host' => 'www.huimeike.com',
  'connection' => 'keep-alive',
  'content-length' => '44',
  'cache-control' => 'max-age=0',
  'upgrade-insecure-requests' => '1',
  'user-agent' => 'Mozilla/5.0 (Windows NT 6.1; WOW64) AppleWebKit/537.36 (KHTML, like Gecko) Chrome/65.0.3325.181 Safari/537.36',
  'origin' => 'http://www.huimeike.com',
  'content-type' => 'application/x-www-form-urlencoded',
  'accept' => 'text/html,application/xhtml+xml,application/xml;q=0.9,image/webp,image/apng,*/*;q=0.8',
  'referer' => 'http://www.huimeike.com/public/index/login/login.html',
  'accept-encoding' => 'gzip, deflate',
  'accept-language' => 'zh-CN,zh;q=0.9',
  'cookie' => 'PHPSESSID=sqanqtg84sc1a347fadld6mr26',
)
[ info ] [ PARAM ] array (
  'username' => '15176587421',
  'password' => '123',
  'code' => 'zdren',
)
[ info ] [ RUN ] app\index\controller\Login->login[ D:\xampp\htdocs\huimeike\application\index\controller\Login.php ]
[ info ] [ SESSION ] INIT array (
  'id' => '',
  'var_session_id' => '',
  'prefix' => 'think',
  'type' => '',
  'auto_start' => true,
)
[ info ] [ VIEW ] D:\xampp\htdocs\huimeike\thinkphp\tpl\dispatch_jump.tpl [ array (
  0 => 'code',
  1 => 'msg',
  2 => 'data',
  3 => 'url',
  4 => 'wait',
) ]
[ info ] [ LOG ] INIT File
---------------------------------------------------------------
[ 2019-03-21T16:55:47+08:00 ] 127.0.0.1 GET www.huimeike.com/public/index/login/login.html
[运行时间：0.244014s] [吞吐率：4.10req/s] [内存消耗：2,023.71kb] [文件加载：46]
[ info ] [ LANG ] D:\xampp\htdocs\huimeike\thinkphp\lang\zh-cn.php
[ info ] [ ROUTE ] array (
  'type' => 'module',
  'module' => 
  array (
    0 => 'index',
    1 => 'login',
    2 => 'login',
  ),
)
[ info ] [ HEADER ] array (
  'host' => 'www.huimeike.com',
  'connection' => 'keep-alive',
  'upgrade-insecure-requests' => '1',
  'user-agent' => 'Mozilla/5.0 (Windows NT 6.1; WOW64) AppleWebKit/537.36 (KHTML, like Gecko) Chrome/65.0.3325.181 Safari/537.36',
  'accept' => 'text/html,application/xhtml+xml,application/xml;q=0.9,image/webp,image/apng,*/*;q=0.8',
  'referer' => 'http://www.huimeike.com/public/',
  'accept-encoding' => 'gzip, deflate',
  'accept-language' => 'zh-CN,zh;q=0.9',
  'cookie' => 'thinkphp_show_page_trace=0|0; PHPSESSID=sqanqtg84sc1a347fadld6mr26',
)
[ info ] [ PARAM ] array (
)
[ info ] [ RUN ] app\index\controller\Login->login[ D:\xampp\htdocs\huimeike\application\index\controller\Login.php ]
[ info ] [ VIEW ] D:\xampp\htdocs\huimeike\public/../application/index\view\login\login.html [ array (
) ]
[ info ] [ LOG ] INIT File
---------------------------------------------------------------
[ 2019-03-21T16:55:48+08:00 ] 127.0.0.1 GET www.huimeike.com/public/captcha.html
[运行时间：0.253015s] [吞吐率：3.95req/s] [内存消耗：1,652.85kb] [文件加载：36]
[ info ] [ LANG ] D:\xampp\htdocs\huimeike\thinkphp\lang\zh-cn.php
[ info ] [ ROUTE ] array (
  'type' => 'method',
  'method' => 
  array (
    0 => '\\think\\captcha\\CaptchaController',
    1 => 'index',
  ),
  'var' => 
  array (
  ),
)
[ info ] [ HEADER ] array (
  'host' => 'www.huimeike.com',
  'connection' => 'keep-alive',
  'user-agent' => 'Mozilla/5.0 (Windows NT 6.1; WOW64) AppleWebKit/537.36 (KHTML, like Gecko) Chrome/65.0.3325.181 Safari/537.36',
  'accept' => 'image/webp,image/apng,image/*,*/*;q=0.8',
  'referer' => 'http://www.huimeike.com/public/index/login/login.html',
  'accept-encoding' => 'gzip, deflate',
  'accept-language' => 'zh-CN,zh;q=0.9',
  'cookie' => 'PHPSESSID=sqanqtg84sc1a347fadld6mr26',
)
[ info ] [ PARAM ] array (
  'id' => '',
)
[ info ] [ RUN ] think\captcha\CaptchaController->index[ D:\xampp\htdocs\huimeike\vendor\topthink\think-captcha\src\CaptchaController.php ]
[ info ] [ SESSION ] INIT array (
  'id' => '',
  'var_session_id' => '',
  'prefix' => 'think',
  'type' => '',
  'auto_start' => true,
)
[ info ] [ LOG ] INIT File
---------------------------------------------------------------
[ 2019-03-21T16:55:52+08:00 ] 127.0.0.1 GET www.huimeike.com/public/captcha.html?0.7935473235775647
[运行时间：0.245014s] [吞吐率：4.08req/s] [内存消耗：1,653.06kb] [文件加载：36]
[ info ] [ LANG ] D:\xampp\htdocs\huimeike\thinkphp\lang\zh-cn.php
[ info ] [ ROUTE ] array (
  'type' => 'method',
  'method' => 
  array (
    0 => '\\think\\captcha\\CaptchaController',
    1 => 'index',
  ),
  'var' => 
  array (
  ),
)
[ info ] [ HEADER ] array (
  'host' => 'www.huimeike.com',
  'connection' => 'keep-alive',
  'user-agent' => 'Mozilla/5.0 (Windows NT 6.1; WOW64) AppleWebKit/537.36 (KHTML, like Gecko) Chrome/65.0.3325.181 Safari/537.36',
  'accept' => 'image/webp,image/apng,image/*,*/*;q=0.8',
  'referer' => 'http://www.huimeike.com/public/index/login/login.html',
  'accept-encoding' => 'gzip, deflate',
  'accept-language' => 'zh-CN,zh;q=0.9',
  'cookie' => 'PHPSESSID=sqanqtg84sc1a347fadld6mr26',
)
[ info ] [ PARAM ] array (
  '0_7935473235775647' => '',
  'id' => '',
)
[ info ] [ RUN ] think\captcha\CaptchaController->index[ D:\xampp\htdocs\huimeike\vendor\topthink\think-captcha\src\CaptchaController.php ]
[ info ] [ SESSION ] INIT array (
  'id' => '',
  'var_session_id' => '',
  'prefix' => 'think',
  'type' => '',
  'auto_start' => true,
)
[ info ] [ LOG ] INIT File
---------------------------------------------------------------
[ 2019-03-21T16:56:00+08:00 ] 127.0.0.1 POST www.huimeike.com/public/index/login/login.html
[运行时间：0.546031s] [吞吐率：1.83req/s] [内存消耗：3,227.79kb] [文件加载：57]
[ info ] [ LANG ] D:\xampp\htdocs\huimeike\thinkphp\lang\zh-cn.php
[ info ] [ ROUTE ] array (
  'type' => 'module',
  'module' => 
  array (
    0 => 'index',
    1 => 'login',
    2 => 'login',
  ),
)
[ info ] [ HEADER ] array (
  'host' => 'www.huimeike.com',
  'connection' => 'keep-alive',
  'content-length' => '47',
  'cache-control' => 'max-age=0',
  'origin' => 'http://www.huimeike.com',
  'upgrade-insecure-requests' => '1',
  'content-type' => 'application/x-www-form-urlencoded',
  'user-agent' => 'Mozilla/5.0 (Windows NT 6.1; WOW64) AppleWebKit/537.36 (KHTML, like Gecko) Chrome/65.0.3325.181 Safari/537.36',
  'accept' => 'text/html,application/xhtml+xml,application/xml;q=0.9,image/webp,image/apng,*/*;q=0.8',
  'referer' => 'http://www.huimeike.com/public/index/login/login.html',
  'accept-encoding' => 'gzip, deflate',
  'accept-language' => 'zh-CN,zh;q=0.9',
  'cookie' => 'thinkphp_show_page_trace=0|0; PHPSESSID=sqanqtg84sc1a347fadld6mr26',
)
[ info ] [ PARAM ] array (
  'username' => '15176587421',
  'password' => '123456',
  'code' => '5gtkx',
)
[ info ] [ RUN ] app\index\controller\Login->login[ D:\xampp\htdocs\huimeike\application\index\controller\Login.php ]
[ info ] [ SESSION ] INIT array (
  'id' => '',
  'var_session_id' => '',
  'prefix' => 'think',
  'type' => '',
  'auto_start' => true,
)
[ info ] [ DB ] INIT mysql
[ info ] [ LOG ] INIT File
[ sql ] [ DB ] CONNECT:[ UseTime:0.002000s ] mysql:host=127.0.0.1;dbname=huimeike;charset=utf8
[ error ] [10501]SQLSTATE[42S02]: Base table or view not found: 1146 Table 'huimeike.admin' doesn't exist[D:\xampp\htdocs\huimeike\thinkphp\library\think\db\Connection.php:385]
---------------------------------------------------------------
[ 2019-03-21T16:57:44+08:00 ] 127.0.0.1 POST www.huimeike.com/public/index/login/login.html
[运行时间：0.244014s] [吞吐率：4.10req/s] [内存消耗：2,025.45kb] [文件加载：47]
[ info ] [ LANG ] D:\xampp\htdocs\huimeike\thinkphp\lang\zh-cn.php
[ info ] [ ROUTE ] array (
  'type' => 'module',
  'module' => 
  array (
    0 => 'index',
    1 => 'login',
    2 => 'login',
  ),
)
[ info ] [ HEADER ] array (
  'host' => 'www.huimeike.com',
  'connection' => 'keep-alive',
  'content-length' => '47',
  'cache-control' => 'max-age=0',
  'upgrade-insecure-requests' => '1',
  'user-agent' => 'Mozilla/5.0 (Windows NT 6.1; WOW64) AppleWebKit/537.36 (KHTML, like Gecko) Chrome/65.0.3325.181 Safari/537.36',
  'origin' => 'http://www.huimeike.com',
  'content-type' => 'application/x-www-form-urlencoded',
  'accept' => 'text/html,application/xhtml+xml,application/xml;q=0.9,image/webp,image/apng,*/*;q=0.8',
  'referer' => 'http://www.huimeike.com/public/index/login/login.html',
  'accept-encoding' => 'gzip, deflate',
  'accept-language' => 'zh-CN,zh;q=0.9',
  'cookie' => 'thinkphp_show_page_trace=0|0; PHPSESSID=sqanqtg84sc1a347fadld6mr26',
)
[ info ] [ PARAM ] array (
  'username' => '15176587421',
  'password' => '123456',
  'code' => '5gtkx',
)
[ info ] [ RUN ] app\index\controller\Login->login[ D:\xampp\htdocs\huimeike\application\index\controller\Login.php ]
[ info ] [ SESSION ] INIT array (
  'id' => '',
  'var_session_id' => '',
  'prefix' => 'think',
  'type' => '',
  'auto_start' => true,
)
[ info ] [ VIEW ] D:\xampp\htdocs\huimeike\thinkphp\tpl\dispatch_jump.tpl [ array (
  0 => 'code',
  1 => 'msg',
  2 => 'data',
  3 => 'url',
  4 => 'wait',
) ]
[ info ] [ LOG ] INIT File
---------------------------------------------------------------
[ 2019-03-21T16:57:48+08:00 ] 127.0.0.1 GET www.huimeike.com/public/index/login/login.html
[运行时间：0.277016s] [吞吐率：3.61req/s] [内存消耗：2,023.74kb] [文件加载：46]
[ info ] [ LANG ] D:\xampp\htdocs\huimeike\thinkphp\lang\zh-cn.php
[ info ] [ ROUTE ] array (
  'type' => 'module',
  'module' => 
  array (
    0 => 'index',
    1 => 'login',
    2 => 'login',
  ),
)
[ info ] [ HEADER ] array (
  'host' => 'www.huimeike.com',
  'connection' => 'keep-alive',
  'upgrade-insecure-requests' => '1',
  'user-agent' => 'Mozilla/5.0 (Windows NT 6.1; WOW64) AppleWebKit/537.36 (KHTML, like Gecko) Chrome/65.0.3325.181 Safari/537.36',
  'accept' => 'text/html,application/xhtml+xml,application/xml;q=0.9,image/webp,image/apng,*/*;q=0.8',
  'referer' => 'http://www.huimeike.com/public/index/login/login.html',
  'accept-encoding' => 'gzip, deflate',
  'accept-language' => 'zh-CN,zh;q=0.9',
  'cookie' => 'thinkphp_show_page_trace=0|0; PHPSESSID=sqanqtg84sc1a347fadld6mr26',
)
[ info ] [ PARAM ] array (
)
[ info ] [ RUN ] app\index\controller\Login->login[ D:\xampp\htdocs\huimeike\application\index\controller\Login.php ]
[ info ] [ VIEW ] D:\xampp\htdocs\huimeike\public/../application/index\view\login\login.html [ array (
) ]
[ info ] [ LOG ] INIT File
---------------------------------------------------------------
[ 2019-03-21T16:57:48+08:00 ] 127.0.0.1 GET www.huimeike.com/public/captcha.html
[运行时间：0.250015s] [吞吐率：4.00req/s] [内存消耗：1,652.85kb] [文件加载：36]
[ info ] [ LANG ] D:\xampp\htdocs\huimeike\thinkphp\lang\zh-cn.php
[ info ] [ ROUTE ] array (
  'type' => 'method',
  'method' => 
  array (
    0 => '\\think\\captcha\\CaptchaController',
    1 => 'index',
  ),
  'var' => 
  array (
  ),
)
[ info ] [ HEADER ] array (
  'host' => 'www.huimeike.com',
  'connection' => 'keep-alive',
  'user-agent' => 'Mozilla/5.0 (Windows NT 6.1; WOW64) AppleWebKit/537.36 (KHTML, like Gecko) Chrome/65.0.3325.181 Safari/537.36',
  'accept' => 'image/webp,image/apng,image/*,*/*;q=0.8',
  'referer' => 'http://www.huimeike.com/public/index/login/login.html',
  'accept-encoding' => 'gzip, deflate',
  'accept-language' => 'zh-CN,zh;q=0.9',
  'cookie' => 'PHPSESSID=sqanqtg84sc1a347fadld6mr26',
)
[ info ] [ PARAM ] array (
  'id' => '',
)
[ info ] [ RUN ] think\captcha\CaptchaController->index[ D:\xampp\htdocs\huimeike\vendor\topthink\think-captcha\src\CaptchaController.php ]
[ info ] [ SESSION ] INIT array (
  'id' => '',
  'var_session_id' => '',
  'prefix' => 'think',
  'type' => '',
  'auto_start' => true,
)
[ info ] [ LOG ] INIT File
---------------------------------------------------------------
[ 2019-03-21T16:57:57+08:00 ] 127.0.0.1 POST www.huimeike.com/public/index/login/login.html
[运行时间：0.298017s] [吞吐率：3.36req/s] [内存消耗：3,311.95kb] [文件加载：55]
[ info ] [ LANG ] D:\xampp\htdocs\huimeike\thinkphp\lang\zh-cn.php
[ info ] [ ROUTE ] array (
  'type' => 'module',
  'module' => 
  array (
    0 => 'index',
    1 => 'login',
    2 => 'login',
  ),
)
[ info ] [ HEADER ] array (
  'host' => 'www.huimeike.com',
  'connection' => 'keep-alive',
  'content-length' => '47',
  'cache-control' => 'max-age=0',
  'origin' => 'http://www.huimeike.com',
  'upgrade-insecure-requests' => '1',
  'content-type' => 'application/x-www-form-urlencoded',
  'user-agent' => 'Mozilla/5.0 (Windows NT 6.1; WOW64) AppleWebKit/537.36 (KHTML, like Gecko) Chrome/65.0.3325.181 Safari/537.36',
  'accept' => 'text/html,application/xhtml+xml,application/xml;q=0.9,image/webp,image/apng,*/*;q=0.8',
  'referer' => 'http://www.huimeike.com/public/index/login/login.html',
  'accept-encoding' => 'gzip, deflate',
  'accept-language' => 'zh-CN,zh;q=0.9',
  'cookie' => 'thinkphp_show_page_trace=0|0; PHPSESSID=sqanqtg84sc1a347fadld6mr26',
)
[ info ] [ PARAM ] array (
  'username' => '15176587421',
  'password' => '123456',
  'code' => 'wanmk',
)
[ info ] [ RUN ] app\index\controller\Login->login[ D:\xampp\htdocs\huimeike\application\index\controller\Login.php ]
[ info ] [ SESSION ] INIT array (
  'id' => '',
  'var_session_id' => '',
  'prefix' => 'think',
  'type' => '',
  'auto_start' => true,
)
[ info ] [ DB ] INIT mysql
[ info ] [ VIEW ] D:\xampp\htdocs\huimeike\thinkphp\tpl\dispatch_jump.tpl [ array (
  0 => 'code',
  1 => 'msg',
  2 => 'data',
  3 => 'url',
  4 => 'wait',
) ]
[ info ] [ LOG ] INIT File
[ sql ] [ DB ] CONNECT:[ UseTime:0.001000s ] mysql:host=127.0.0.1;dbname=huimeike;charset=utf8
[ sql ] [ SQL ] SHOW COLUMNS FROM `huimeike_admin` [ RunTime:0.006001s ]
[ sql ] [ SQL ] SELECT * FROM `huimeike_admin` WHERE  `username` = '15176587421'  AND `password` = '115fc83be4faa23b30a44a64108af839' LIMIT 1 [ RunTime:0.001000s ]
---------------------------------------------------------------
[ 2019-03-21T16:58:01+08:00 ] 127.0.0.1 GET www.huimeike.com/public/index/index.html
[运行时间：0.243014s] [吞吐率：4.11req/s] [内存消耗：2,193.02kb] [文件加载：49]
[ info ] [ LANG ] D:\xampp\htdocs\huimeike\thinkphp\lang\zh-cn.php
[ info ] [ ROUTE ] array (
  'type' => 'module',
  'module' => 
  array (
    0 => 'index',
    1 => 'index',
    2 => NULL,
  ),
)
[ info ] [ HEADER ] array (
  'host' => 'www.huimeike.com',
  'connection' => 'keep-alive',
  'upgrade-insecure-requests' => '1',
  'user-agent' => 'Mozilla/5.0 (Windows NT 6.1; WOW64) AppleWebKit/537.36 (KHTML, like Gecko) Chrome/65.0.3325.181 Safari/537.36',
  'accept' => 'text/html,application/xhtml+xml,application/xml;q=0.9,image/webp,image/apng,*/*;q=0.8',
  'referer' => 'http://www.huimeike.com/public/index/login/login.html',
  'accept-encoding' => 'gzip, deflate',
  'accept-language' => 'zh-CN,zh;q=0.9',
  'cookie' => 'PHPSESSID=sqanqtg84sc1a347fadld6mr26',
)
[ info ] [ PARAM ] array (
)
[ info ] [ SESSION ] INIT array (
  'id' => '',
  'var_session_id' => '',
  'prefix' => 'think',
  'type' => '',
  'auto_start' => true,
)
[ info ] [ RUN ] app\index\controller\Index->index[ D:\xampp\htdocs\huimeike\application\index\controller\Index.php ]
[ info ] [ VIEW ] D:\xampp\htdocs\huimeike\public/../application/index\view\index\layout_index.html [ array (
) ]
[ info ] [ LOG ] INIT File
---------------------------------------------------------------
[ 2019-03-21T16:58:02+08:00 ] 127.0.0.1 GET www.huimeike.com/public/index/index/welcome.html
[运行时间：0.492028s] [吞吐率：2.03req/s] [内存消耗：1,977.93kb] [文件加载：49]
[ info ] [ LANG ] D:\xampp\htdocs\huimeike\thinkphp\lang\zh-cn.php
[ info ] [ ROUTE ] array (
  'type' => 'module',
  'module' => 
  array (
    0 => 'index',
    1 => 'index',
    2 => 'welcome',
  ),
)
[ info ] [ HEADER ] array (
  'host' => 'www.huimeike.com',
  'connection' => 'keep-alive',
  'upgrade-insecure-requests' => '1',
  'user-agent' => 'Mozilla/5.0 (Windows NT 6.1; WOW64) AppleWebKit/537.36 (KHTML, like Gecko) Chrome/65.0.3325.181 Safari/537.36',
  'accept' => 'text/html,application/xhtml+xml,application/xml;q=0.9,image/webp,image/apng,*/*;q=0.8',
  'referer' => 'http://www.huimeike.com/public/index/index.html',
  'accept-encoding' => 'gzip, deflate',
  'accept-language' => 'zh-CN,zh;q=0.9',
  'cookie' => 'PHPSESSID=sqanqtg84sc1a347fadld6mr26',
)
[ info ] [ PARAM ] array (
)
[ info ] [ SESSION ] INIT array (
  'id' => '',
  'var_session_id' => '',
  'prefix' => 'think',
  'type' => '',
  'auto_start' => true,
)
[ info ] [ RUN ] app\index\controller\Index->welcome[ D:\xampp\htdocs\huimeike\application\index\controller\Index.php ]
[ info ] [ LOG ] INIT File
[ error ] [8]未定义变量: food[D:\xampp\htdocs\huimeike\application\index\controller\Index.php:22]
---------------------------------------------------------------
[ 2019-03-21T16:58:30+08:00 ] 127.0.0.1 GET www.huimeike.com/public/index/index.html
[运行时间：0.278016s] [吞吐率：3.60req/s] [内存消耗：2,020.33kb] [文件加载：47]
[ info ] [ LANG ] D:\xampp\htdocs\huimeike\thinkphp\lang\zh-cn.php
[ info ] [ ROUTE ] array (
  'type' => 'module',
  'module' => 
  array (
    0 => 'index',
    1 => 'index',
    2 => NULL,
  ),
)
[ info ] [ HEADER ] array (
  'host' => 'www.huimeike.com',
  'connection' => 'keep-alive',
  'cache-control' => 'max-age=0',
  'upgrade-insecure-requests' => '1',
  'user-agent' => 'Mozilla/5.0 (Windows NT 6.1; WOW64) AppleWebKit/537.36 (KHTML, like Gecko) Chrome/65.0.3325.181 Safari/537.36',
  'accept' => 'text/html,application/xhtml+xml,application/xml;q=0.9,image/webp,image/apng,*/*;q=0.8',
  'referer' => 'http://www.huimeike.com/public/index/login/login.html',
  'accept-encoding' => 'gzip, deflate',
  'accept-language' => 'zh-CN,zh;q=0.9',
  'cookie' => 'thinkphp_show_page_trace=0|0; PHPSESSID=sqanqtg84sc1a347fadld6mr26',
)
[ info ] [ PARAM ] array (
)
[ info ] [ SESSION ] INIT array (
  'id' => '',
  'var_session_id' => '',
  'prefix' => 'think',
  'type' => '',
  'auto_start' => true,
)
[ info ] [ RUN ] app\index\controller\Index->index[ D:\xampp\htdocs\huimeike\application\index\controller\Index.php ]
[ info ] [ VIEW ] D:\xampp\htdocs\huimeike\public/../application/index\view\index\layout_index.html [ array (
) ]
[ info ] [ LOG ] INIT File
---------------------------------------------------------------
[ 2019-03-21T16:58:30+08:00 ] 127.0.0.1 GET www.huimeike.com/public/index/index/welcome.html
[运行时间：0.238014s] [吞吐率：4.20req/s] [内存消耗：2,101.95kb] [文件加载：48]
[ info ] [ LANG ] D:\xampp\htdocs\huimeike\thinkphp\lang\zh-cn.php
[ info ] [ ROUTE ] array (
  'type' => 'module',
  'module' => 
  array (
    0 => 'index',
    1 => 'index',
    2 => 'welcome',
  ),
)
[ info ] [ HEADER ] array (
  'host' => 'www.huimeike.com',
  'connection' => 'keep-alive',
  'upgrade-insecure-requests' => '1',
  'user-agent' => 'Mozilla/5.0 (Windows NT 6.1; WOW64) AppleWebKit/537.36 (KHTML, like Gecko) Chrome/65.0.3325.181 Safari/537.36',
  'accept' => 'text/html,application/xhtml+xml,application/xml;q=0.9,image/webp,image/apng,*/*;q=0.8',
  'referer' => 'http://www.huimeike.com/public/index/index.html',
  'accept-encoding' => 'gzip, deflate',
  'accept-language' => 'zh-CN,zh;q=0.9',
  'cookie' => 'thinkphp_show_page_trace=0|0; thinkphp_show_page_trace=0|0; PHPSESSID=sqanqtg84sc1a347fadld6mr26',
)
[ info ] [ PARAM ] array (
)
[ info ] [ SESSION ] INIT array (
  'id' => '',
  'var_session_id' => '',
  'prefix' => 'think',
  'type' => '',
  'auto_start' => true,
)
[ info ] [ RUN ] app\index\controller\Index->welcome[ D:\xampp\htdocs\huimeike\application\index\controller\Index.php ]
[ info ] [ VIEW ] D:\xampp\htdocs\huimeike\public/../application/index\view\index\welcome.html [ array (
) ]
[ info ] [ LOG ] INIT File
---------------------------------------------------------------
[ 2019-03-21T17:08:48+08:00 ] 127.0.0.1 GET www.huimeike.com/public/index/index.html
[运行时间：0.274016s] [吞吐率：3.65req/s] [内存消耗：2,193.37kb] [文件加载：49]
[ info ] [ LANG ] D:\xampp\htdocs\huimeike\thinkphp\lang\zh-cn.php
[ info ] [ ROUTE ] array (
  'type' => 'module',
  'module' => 
  array (
    0 => 'index',
    1 => 'index',
    2 => NULL,
  ),
)
[ info ] [ HEADER ] array (
  'host' => 'www.huimeike.com',
  'connection' => 'keep-alive',
  'cache-control' => 'max-age=0',
  'upgrade-insecure-requests' => '1',
  'user-agent' => 'Mozilla/5.0 (Windows NT 6.1; WOW64) AppleWebKit/537.36 (KHTML, like Gecko) Chrome/65.0.3325.181 Safari/537.36',
  'accept' => 'text/html,application/xhtml+xml,application/xml;q=0.9,image/webp,image/apng,*/*;q=0.8',
  'referer' => 'http://www.huimeike.com/public/index/login/login.html',
  'accept-encoding' => 'gzip, deflate',
  'accept-language' => 'zh-CN,zh;q=0.9',
  'cookie' => 'thinkphp_show_page_trace=0|0; PHPSESSID=sqanqtg84sc1a347fadld6mr26',
)
[ info ] [ PARAM ] array (
)
[ info ] [ SESSION ] INIT array (
  'id' => '',
  'var_session_id' => '',
  'prefix' => 'think',
  'type' => '',
  'auto_start' => true,
)
[ info ] [ RUN ] app\index\controller\Index->index[ D:\xampp\htdocs\huimeike\application\index\controller\Index.php ]
[ info ] [ VIEW ] D:\xampp\htdocs\huimeike\public/../application/index\view\index\layout_index.html [ array (
) ]
[ info ] [ LOG ] INIT File
---------------------------------------------------------------
[ 2019-03-21T17:08:48+08:00 ] 127.0.0.1 GET www.huimeike.com/public/index/index/welcome.html
[运行时间：0.268016s] [吞吐率：3.73req/s] [内存消耗：1,949.90kb] [文件加载：46]
[ info ] [ LANG ] D:\xampp\htdocs\huimeike\thinkphp\lang\zh-cn.php
[ info ] [ ROUTE ] array (
  'type' => 'module',
  'module' => 
  array (
    0 => 'index',
    1 => 'index',
    2 => 'welcome',
  ),
)
[ info ] [ HEADER ] array (
  'host' => 'www.huimeike.com',
  'connection' => 'keep-alive',
  'upgrade-insecure-requests' => '1',
  'user-agent' => 'Mozilla/5.0 (Windows NT 6.1; WOW64) AppleWebKit/537.36 (KHTML, like Gecko) Chrome/65.0.3325.181 Safari/537.36',
  'accept' => 'text/html,application/xhtml+xml,application/xml;q=0.9,image/webp,image/apng,*/*;q=0.8',
  'referer' => 'http://www.huimeike.com/public/index/index.html',
  'accept-encoding' => 'gzip, deflate',
  'accept-language' => 'zh-CN,zh;q=0.9',
  'cookie' => 'thinkphp_show_page_trace=0|0; thinkphp_show_page_trace=0|0; PHPSESSID=sqanqtg84sc1a347fadld6mr26',
)
[ info ] [ PARAM ] array (
)
[ info ] [ SESSION ] INIT array (
  'id' => '',
  'var_session_id' => '',
  'prefix' => 'think',
  'type' => '',
  'auto_start' => true,
)
[ info ] [ RUN ] app\index\controller\Index->welcome[ D:\xampp\htdocs\huimeike\application\index\controller\Index.php ]
[ info ] [ VIEW ] D:\xampp\htdocs\huimeike\public/../application/index\view\index\welcome.html [ array (
) ]
[ info ] [ LOG ] INIT File
---------------------------------------------------------------
[ 2019-03-21T17:09:49+08:00 ] 127.0.0.1 GET www.huimeike.com/public/index/index.html
[运行时间：0.232013s] [吞吐率：4.31req/s] [内存消耗：2,193.37kb] [文件加载：49]
[ info ] [ LANG ] D:\xampp\htdocs\huimeike\thinkphp\lang\zh-cn.php
[ info ] [ ROUTE ] array (
  'type' => 'module',
  'module' => 
  array (
    0 => 'index',
    1 => 'index',
    2 => NULL,
  ),
)
[ info ] [ HEADER ] array (
  'host' => 'www.huimeike.com',
  'connection' => 'keep-alive',
  'cache-control' => 'max-age=0',
  'upgrade-insecure-requests' => '1',
  'user-agent' => 'Mozilla/5.0 (Windows NT 6.1; WOW64) AppleWebKit/537.36 (KHTML, like Gecko) Chrome/65.0.3325.181 Safari/537.36',
  'accept' => 'text/html,application/xhtml+xml,application/xml;q=0.9,image/webp,image/apng,*/*;q=0.8',
  'referer' => 'http://www.huimeike.com/public/index/login/login.html',
  'accept-encoding' => 'gzip, deflate',
  'accept-language' => 'zh-CN,zh;q=0.9',
  'cookie' => 'thinkphp_show_page_trace=0|0; PHPSESSID=sqanqtg84sc1a347fadld6mr26',
)
[ info ] [ PARAM ] array (
)
[ info ] [ SESSION ] INIT array (
  'id' => '',
  'var_session_id' => '',
  'prefix' => 'think',
  'type' => '',
  'auto_start' => true,
)
[ info ] [ RUN ] app\index\controller\Index->index[ D:\xampp\htdocs\huimeike\application\index\controller\Index.php ]
[ info ] [ VIEW ] D:\xampp\htdocs\huimeike\public/../application/index\view\index\layout_index.html [ array (
) ]
[ info ] [ LOG ] INIT File
---------------------------------------------------------------
[ 2019-03-21T17:09:50+08:00 ] 127.0.0.1 GET www.huimeike.com/public/index/index/welcome.html
[运行时间：0.246014s] [吞吐率：4.06req/s] [内存消耗：1,949.90kb] [文件加载：46]
[ info ] [ LANG ] D:\xampp\htdocs\huimeike\thinkphp\lang\zh-cn.php
[ info ] [ ROUTE ] array (
  'type' => 'module',
  'module' => 
  array (
    0 => 'index',
    1 => 'index',
    2 => 'welcome',
  ),
)
[ info ] [ HEADER ] array (
  'host' => 'www.huimeike.com',
  'connection' => 'keep-alive',
  'upgrade-insecure-requests' => '1',
  'user-agent' => 'Mozilla/5.0 (Windows NT 6.1; WOW64) AppleWebKit/537.36 (KHTML, like Gecko) Chrome/65.0.3325.181 Safari/537.36',
  'accept' => 'text/html,application/xhtml+xml,application/xml;q=0.9,image/webp,image/apng,*/*;q=0.8',
  'referer' => 'http://www.huimeike.com/public/index/index.html',
  'accept-encoding' => 'gzip, deflate',
  'accept-language' => 'zh-CN,zh;q=0.9',
  'cookie' => 'thinkphp_show_page_trace=0|0; thinkphp_show_page_trace=0|0; PHPSESSID=sqanqtg84sc1a347fadld6mr26',
)
[ info ] [ PARAM ] array (
)
[ info ] [ SESSION ] INIT array (
  'id' => '',
  'var_session_id' => '',
  'prefix' => 'think',
  'type' => '',
  'auto_start' => true,
)
[ info ] [ RUN ] app\index\controller\Index->welcome[ D:\xampp\htdocs\huimeike\application\index\controller\Index.php ]
[ info ] [ VIEW ] D:\xampp\htdocs\huimeike\public/../application/index\view\index\welcome.html [ array (
) ]
[ info ] [ LOG ] INIT File
---------------------------------------------------------------
[ 2019-03-21T17:11:21+08:00 ] 127.0.0.1 GET www.huimeike.com/public/index/index.html
[运行时间：0.236014s] [吞吐率：4.24req/s] [内存消耗：2,193.37kb] [文件加载：49]
[ info ] [ LANG ] D:\xampp\htdocs\huimeike\thinkphp\lang\zh-cn.php
[ info ] [ ROUTE ] array (
  'type' => 'module',
  'module' => 
  array (
    0 => 'index',
    1 => 'index',
    2 => NULL,
  ),
)
[ info ] [ HEADER ] array (
  'host' => 'www.huimeike.com',
  'connection' => 'keep-alive',
  'cache-control' => 'max-age=0',
  'upgrade-insecure-requests' => '1',
  'user-agent' => 'Mozilla/5.0 (Windows NT 6.1; WOW64) AppleWebKit/537.36 (KHTML, like Gecko) Chrome/65.0.3325.181 Safari/537.36',
  'accept' => 'text/html,application/xhtml+xml,application/xml;q=0.9,image/webp,image/apng,*/*;q=0.8',
  'referer' => 'http://www.huimeike.com/public/index/login/login.html',
  'accept-encoding' => 'gzip, deflate',
  'accept-language' => 'zh-CN,zh;q=0.9',
  'cookie' => 'thinkphp_show_page_trace=0|0; PHPSESSID=sqanqtg84sc1a347fadld6mr26',
)
[ info ] [ PARAM ] array (
)
[ info ] [ SESSION ] INIT array (
  'id' => '',
  'var_session_id' => '',
  'prefix' => 'think',
  'type' => '',
  'auto_start' => true,
)
[ info ] [ RUN ] app\index\controller\Index->index[ D:\xampp\htdocs\huimeike\application\index\controller\Index.php ]
[ info ] [ VIEW ] D:\xampp\htdocs\huimeike\public/../application/index\view\index\layout_index.html [ array (
) ]
[ info ] [ LOG ] INIT File
---------------------------------------------------------------
[ 2019-03-21T17:11:21+08:00 ] 127.0.0.1 GET www.huimeike.com/public/index/index/welcome.html
[运行时间：0.224013s] [吞吐率：4.46req/s] [内存消耗：1,949.90kb] [文件加载：46]
[ info ] [ LANG ] D:\xampp\htdocs\huimeike\thinkphp\lang\zh-cn.php
[ info ] [ ROUTE ] array (
  'type' => 'module',
  'module' => 
  array (
    0 => 'index',
    1 => 'index',
    2 => 'welcome',
  ),
)
[ info ] [ HEADER ] array (
  'host' => 'www.huimeike.com',
  'connection' => 'keep-alive',
  'upgrade-insecure-requests' => '1',
  'user-agent' => 'Mozilla/5.0 (Windows NT 6.1; WOW64) AppleWebKit/537.36 (KHTML, like Gecko) Chrome/65.0.3325.181 Safari/537.36',
  'accept' => 'text/html,application/xhtml+xml,application/xml;q=0.9,image/webp,image/apng,*/*;q=0.8',
  'referer' => 'http://www.huimeike.com/public/index/index.html',
  'accept-encoding' => 'gzip, deflate',
  'accept-language' => 'zh-CN,zh;q=0.9',
  'cookie' => 'thinkphp_show_page_trace=0|0; thinkphp_show_page_trace=0|0; PHPSESSID=sqanqtg84sc1a347fadld6mr26',
)
[ info ] [ PARAM ] array (
)
[ info ] [ SESSION ] INIT array (
  'id' => '',
  'var_session_id' => '',
  'prefix' => 'think',
  'type' => '',
  'auto_start' => true,
)
[ info ] [ RUN ] app\index\controller\Index->welcome[ D:\xampp\htdocs\huimeike\application\index\controller\Index.php ]
[ info ] [ VIEW ] D:\xampp\htdocs\huimeike\public/../application/index\view\index\welcome.html [ array (
) ]
[ info ] [ LOG ] INIT File
---------------------------------------------------------------
[ 2019-03-21T17:12:41+08:00 ] 127.0.0.1 GET www.huimeike.com/public/index/index.html
[运行时间：0.232013s] [吞吐率：4.31req/s] [内存消耗：2,193.37kb] [文件加载：49]
[ info ] [ LANG ] D:\xampp\htdocs\huimeike\thinkphp\lang\zh-cn.php
[ info ] [ ROUTE ] array (
  'type' => 'module',
  'module' => 
  array (
    0 => 'index',
    1 => 'index',
    2 => NULL,
  ),
)
[ info ] [ HEADER ] array (
  'host' => 'www.huimeike.com',
  'connection' => 'keep-alive',
  'cache-control' => 'max-age=0',
  'upgrade-insecure-requests' => '1',
  'user-agent' => 'Mozilla/5.0 (Windows NT 6.1; WOW64) AppleWebKit/537.36 (KHTML, like Gecko) Chrome/65.0.3325.181 Safari/537.36',
  'accept' => 'text/html,application/xhtml+xml,application/xml;q=0.9,image/webp,image/apng,*/*;q=0.8',
  'referer' => 'http://www.huimeike.com/public/index/login/login.html',
  'accept-encoding' => 'gzip, deflate',
  'accept-language' => 'zh-CN,zh;q=0.9',
  'cookie' => 'thinkphp_show_page_trace=0|0; PHPSESSID=sqanqtg84sc1a347fadld6mr26',
)
[ info ] [ PARAM ] array (
)
[ info ] [ SESSION ] INIT array (
  'id' => '',
  'var_session_id' => '',
  'prefix' => 'think',
  'type' => '',
  'auto_start' => true,
)
[ info ] [ RUN ] app\index\controller\Index->index[ D:\xampp\htdocs\huimeike\application\index\controller\Index.php ]
[ info ] [ VIEW ] D:\xampp\htdocs\huimeike\public/../application/index\view\index\layout_index.html [ array (
) ]
[ info ] [ LOG ] INIT File
---------------------------------------------------------------
[ 2019-03-21T17:12:42+08:00 ] 127.0.0.1 GET www.huimeike.com/public/index/index/welcome.html
[运行时间：0.221013s] [吞吐率：4.52req/s] [内存消耗：1,949.90kb] [文件加载：46]
[ info ] [ LANG ] D:\xampp\htdocs\huimeike\thinkphp\lang\zh-cn.php
[ info ] [ ROUTE ] array (
  'type' => 'module',
  'module' => 
  array (
    0 => 'index',
    1 => 'index',
    2 => 'welcome',
  ),
)
[ info ] [ HEADER ] array (
  'host' => 'www.huimeike.com',
  'connection' => 'keep-alive',
  'upgrade-insecure-requests' => '1',
  'user-agent' => 'Mozilla/5.0 (Windows NT 6.1; WOW64) AppleWebKit/537.36 (KHTML, like Gecko) Chrome/65.0.3325.181 Safari/537.36',
  'accept' => 'text/html,application/xhtml+xml,application/xml;q=0.9,image/webp,image/apng,*/*;q=0.8',
  'referer' => 'http://www.huimeike.com/public/index/index.html',
  'accept-encoding' => 'gzip, deflate',
  'accept-language' => 'zh-CN,zh;q=0.9',
  'cookie' => 'thinkphp_show_page_trace=0|0; thinkphp_show_page_trace=0|0; PHPSESSID=sqanqtg84sc1a347fadld6mr26',
)
[ info ] [ PARAM ] array (
)
[ info ] [ SESSION ] INIT array (
  'id' => '',
  'var_session_id' => '',
  'prefix' => 'think',
  'type' => '',
  'auto_start' => true,
)
[ info ] [ RUN ] app\index\controller\Index->welcome[ D:\xampp\htdocs\huimeike\application\index\controller\Index.php ]
[ info ] [ VIEW ] D:\xampp\htdocs\huimeike\public/../application/index\view\index\welcome.html [ array (
) ]
[ info ] [ LOG ] INIT File
---------------------------------------------------------------
[ 2019-03-21T17:29:20+08:00 ] 127.0.0.1 GET www.huimeike.com/public/index/index.html
[运行时间：10.260587s] [吞吐率：0.10req/s] [内存消耗：2,068.71kb] [文件加载：43]
[ info ] [ LANG ] D:\xampp\htdocs\huimeike\thinkphp\lang\zh-cn.php
[ info ] [ ROUTE ] array (
  'type' => 'module',
  'module' => 
  array (
    0 => 'index',
    1 => 'index',
    2 => NULL,
  ),
)
[ info ] [ HEADER ] array (
  'host' => 'www.huimeike.com',
  'connection' => 'keep-alive',
  'cache-control' => 'max-age=0',
  'upgrade-insecure-requests' => '1',
  'user-agent' => 'Mozilla/5.0 (Windows NT 6.1; WOW64) AppleWebKit/537.36 (KHTML, like Gecko) Chrome/65.0.3325.181 Safari/537.36',
  'accept' => 'text/html,application/xhtml+xml,application/xml;q=0.9,image/webp,image/apng,*/*;q=0.8',
  'referer' => 'http://www.huimeike.com/public/index/login/login.html',
  'accept-encoding' => 'gzip, deflate',
  'accept-language' => 'zh-CN,zh;q=0.9',
  'cookie' => 'thinkphp_show_page_trace=0|0; PHPSESSID=sqanqtg84sc1a347fadld6mr26',
)
[ info ] [ PARAM ] array (
)
[ info ] [ SESSION ] INIT array (
  'id' => '',
  'var_session_id' => '',
  'prefix' => 'think',
  'type' => '',
  'auto_start' => true,
)
[ info ] [ RUN ] app\index\controller\Index->index[ D:\xampp\htdocs\huimeike\application\index\controller\Index.php ]
[ info ] [ DB ] INIT mysql
[ info ] [ LOG ] INIT File
[ sql ] [ DB ] CONNECT:[ UseTime:0.010001s ] mysql:host=127.0.0.1;dbname=huimeike;charset=utf8
[ sql ] [ SQL ] select a.*,b.url,b.c_name,b.id as c_id,b.c_lev from (select id,menu_name,lev,icon from huimeike_menu where is_del=0 and lev=1) a left join (select id,p_id,url,menu_name as c_name,lev as c_lev  from huimeike_menu where is_del=0 and lev=2) b on a.id=b.p_id [ RunTime:0.001000s ]
